# JRE version: OpenJDK Runtime Environment (8.0_152-b01) (build 1.8.0_152-release-1024-b01)
# Java VM: OpenJDK 64-Bit Server VM (25.152-b01 mixed mode bsd-amd64 compressed oops)
Heap:
 PSYoungGen      total 146432K, used 25546K [0x00000007aab00000, 0x00000007b7d80000, 0x00000007c0000000)
  eden space 131072K, 7% used [0x00000007aab00000,0x00000007ab4f2ed0,0x00000007b2b00000)
  from space 15360K, 99% used [0x00000007b2b00000,0x00000007b39ffbf8,0x00000007b3a00000)
  to   space 19968K, 0% used [0x00000007b6a00000,0x00000007b6a00000,0x00000007b7d80000)
 ParOldGen       total 187904K, used 25029K [0x0000000780000000, 0x000000078b780000, 0x00000007aab00000)
  object space 187904K, 13% used [0x0000000780000000,0x00000007818715b0,0x000000078b780000)
 Metaspace       used 52912K, capacity 54314K, committed 54488K, reserved 1095680K
  class space    used 7250K, capacity 7594K, committed 7680K, reserved 1048576K
GC Heap History (10 events):
Event: 2.743 GC heap before
{Heap before GC invocations=5 (full 1):
 PSYoungGen      total 76288K, used 65536K [0x00000007aab00000, 0x00000007b4000000, 0x00000007c0000000)
  eden space 65536K, 100% used [0x00000007aab00000,0x00000007aeb00000,0x00000007aeb00000)
  from space 10752K, 0% used [0x00000007aeb00000,0x00000007aeb00000,0x00000007af580000)
  to   space 10752K, 0% used [0x00000007b3580000,0x00000007b3580000,0x00000007b4000000)
 ParOldGen       total 111616K, used 8824K [0x0000000780000000, 0x0000000786d00000, 0x00000007aab00000)
  object space 111616K, 7% used [0x0000000780000000,0x000000078089e150,0x0000000786d00000)
 Metaspace       used 26076K, capacity 26472K, committed 26880K, reserved 1073152K
  class space    used 3612K, capacity 3775K, committed 3840K, reserved 1048576K
Event: 2.754 GC heap after
Heap after GC invocations=5 (full 1):
 PSYoungGen      total 100352K, used 6585K [0x00000007aab00000, 0x00000007b3c00000, 0x00000007c0000000)
  eden space 93696K, 0% used [0x00000007aab00000,0x00000007aab00000,0x00000007b0680000)
  from space 6656K, 98% used [0x00000007b3580000,0x00000007b3bee720,0x00000007b3c00000)
  to   space 10752K, 0% used [0x00000007b2700000,0x00000007b2700000,0x00000007b3180000)
 ParOldGen       total 111616K, used 8832K [0x0000000780000000, 0x0000000786d00000, 0x00000007aab00000)
  object space 111616K, 7% used [0x0000000780000000,0x00000007808a0150,0x0000000786d00000)
 Metaspace       used 26076K, capacity 26472K, committed 26880K, reserved 1073152K
  class space    used 3612K, capacity 3775K, committed 3840K, reserved 1048576K
}
Event: 3.814 GC heap before
{Heap before GC invocations=6 (full 1):
 PSYoungGen      total 100352K, used 95957K [0x00000007aab00000, 0x00000007b3c00000, 0x00000007c0000000)
  eden space 93696K, 95% used [0x00000007aab00000,0x00000007b0246f58,0x00000007b0680000)
  from space 6656K, 98% used [0x00000007b3580000,0x00000007b3bee720,0x00000007b3c00000)
  to   space 10752K, 0% used [0x00000007b2700000,0x00000007b2700000,0x00000007b3180000)
 ParOldGen       total 111616K, used 8832K [0x0000000780000000, 0x0000000786d00000, 0x00000007aab00000)
  object space 111616K, 7% used [0x0000000780000000,0x00000007808a0150,0x0000000786d00000)
 Metaspace       used 34775K, capacity 35266K, committed 35416K, reserved 1079296K
  class space    used 4782K, capacity 4983K, committed 4992K, reserved 1048576K
Event: 3.826 GC heap after
Heap after GC invocations=6 (full 1):
 PSYoungGen      total 137728K, used 10726K [0x00000007aab00000, 0x00000007b4780000, 0x00000007c0000000)
  eden space 126976K, 0% used [0x00000007aab00000,0x00000007aab00000,0x00000007b2700000)
  from space 10752K, 99% used [0x00000007b2700000,0x00000007b3179b80,0x00000007b3180000)
  to   space 13824K, 0% used [0x00000007b3a00000,0x00000007b3a00000,0x00000007b4780000)
 ParOldGen       total 111616K, used 10986K [0x0000000780000000, 0x0000000786d00000, 0x00000007aab00000)
  object space 111616K, 9% used [0x0000000780000000,0x0000000780aba9b8,0x0000000786d00000)
 Metaspace       used 34775K, capacity 35266K, committed 35416K, reserved 1079296K
  class space    used 4782K, capacity 4983K, committed 4992K, reserved 1048576K
}
Event: 3.827 GC heap before
{Heap before GC invocations=7 (full 2):
 PSYoungGen      total 137728K, used 10726K [0x00000007aab00000, 0x00000007b4780000, 0x00000007c0000000)
  eden space 126976K, 0% used [0x00000007aab00000,0x00000007aab00000,0x00000007b2700000)
  from space 10752K, 99% used [0x00000007b2700000,0x00000007b3179b80,0x00000007b3180000)
  to   space 13824K, 0% used [0x00000007b3a00000,0x00000007b3a00000,0x00000007b4780000)
 ParOldGen       total 111616K, used 10986K [0x0000000780000000, 0x0000000786d00000, 0x00000007aab00000)
  object space 111616K, 9% used [0x0000000780000000,0x0000000780aba9b8,0x0000000786d00000)
 Metaspace       used 34775K, capacity 35266K, committed 35416K, reserved 1079296K
  class space    used 4782K, capacity 4983K, committed 4992K, reserved 1048576K
Event: 3.880 GC heap after
Heap after GC invocations=7 (full 2):
 PSYoungGen      total 137728K, used 0K [0x00000007aab00000, 0x00000007b4780000, 0x00000007c0000000)
  eden space 126976K, 0% used [0x00000007aab00000,0x00000007aab00000,0x00000007b2700000)
  from space 10752K, 0% used [0x00000007b2700000,0x00000007b2700000,0x00000007b3180000)
  to   space 13824K, 0% used [0x00000007b3a00000,0x00000007b3a00000,0x00000007b4780000)
 ParOldGen       total 187904K, used 19373K [0x0000000780000000, 0x000000078b780000, 0x00000007aab00000)
  object space 187904K, 10% used [0x0000000780000000,0x00000007812eb6b8,0x000000078b780000)
 Metaspace       used 34775K, capacity 35266K, committed 35416K, reserved 1079296K
  class space    used 4782K, capacity 4983K, committed 4992K, reserved 1048576K
}
Event: 5.172 GC heap before
{Heap before GC invocations=8 (full 2):
 PSYoungGen      total 137728K, used 126976K [0x00000007aab00000, 0x00000007b4780000, 0x00000007c0000000)
  eden space 126976K, 100% used [0x00000007aab00000,0x00000007b2700000,0x00000007b2700000)
  from space 10752K, 0% used [0x00000007b2700000,0x00000007b2700000,0x00000007b3180000)
  to   space 13824K, 0% used [0x00000007b3a00000,0x00000007b3a00000,0x00000007b4780000)
 ParOldGen       total 187904K, used 19373K [0x0000000780000000, 0x000000078b780000, 0x00000007aab00000)
  object space 187904K, 10% used [0x0000000780000000,0x00000007812eb6b8,0x000000078b780000)
 Metaspace       used 42292K, capacity 43066K, committed 43224K, reserved 1087488K
  class space    used 5844K, capacity 6084K, committed 6144K, reserved 1048576K
Event: 5.188 GC heap after
Heap after GC invocations=8 (full 2):
 PSYoungGen      total 144896K, used 13335K [0x00000007aab00000, 0x00000007b7200000, 0x00000007c0000000)
  eden space 131072K, 0% used [0x00000007aab00000,0x00000007aab00000,0x00000007b2b00000)
  from space 13824K, 96% used [0x00000007b3a00000,0x00000007b4705dc8,0x00000007b4780000)
  to   space 15360K, 0% used [0x00000007b2b00000,0x00000007b2b00000,0x00000007b3a00000)
 ParOldGen       total 187904K, used 19381K [0x0000000780000000, 0x000000078b780000, 0x00000007aab00000)
  object space 187904K, 10% used [0x0000000780000000,0x00000007812ed6b8,0x000000078b780000)
 Metaspace       used 42292K, capacity 43066K, committed 43224K, reserved 1087488K
  class space    used 5844K, capacity 6084K, committed 6144K, reserved 1048576K
}
Event: 7.029 GC heap before
{Heap before GC invocations=9 (full 2):
 PSYoungGen      total 144896K, used 144407K [0x00000007aab00000, 0x00000007b7200000, 0x00000007c0000000)
  eden space 131072K, 100% used [0x00000007aab00000,0x00000007b2b00000,0x00000007b2b00000)
  from space 13824K, 96% used [0x00000007b3a00000,0x00000007b4705dc8,0x00000007b4780000)
  to   space 15360K, 0% used [0x00000007b2b00000,0x00000007b2b00000,0x00000007b3a00000)
 ParOldGen       total 187904K, used 19381K [0x0000000780000000, 0x000000078b780000, 0x00000007aab00000)
  object space 187904K, 10% used [0x0000000780000000,0x00000007812ed6b8,0x000000078b780000)
 Metaspace       used 52768K, capacity 54194K, committed 54488K, reserved 1095680K
  class space    used 7237K, capacity 7582K, committed 7680K, reserved 1048576K
Event: 7.045 GC heap after
Heap after GC invocations=9 (full 2):
 PSYoungGen      total 146432K, used 15358K [0x00000007aab00000, 0x00000007b7d80000, 0x00000007c0000000)
  eden space 131072K, 0% used [0x00000007aab00000,0x00000007aab00000,0x00000007b2b00000)
  from space 15360K, 99% used [0x00000007b2b00000,0x00000007b39ffbf8,0x00000007b3a00000)
  to   space 19968K, 0% used [0x00000007b6a00000,0x00000007b6a00000,0x00000007b7d80000)
 ParOldGen       total 187904K, used 25029K [0x0000000780000000, 0x000000078b780000, 0x00000007aab00000)
  object space 187904K, 13% used [0x0000000780000000,0x00000007818715b0,0x000000078b780000)
 Metaspace       used 52768K, capacity 54194K, committed 54488K, reserved 1095680K
  class space    used 7237K, capacity 7582K, committed 7680K, reserved 1048576K
}

