# JRE version: OpenJDK Runtime Environment (8.0_152-b01) (build 1.8.0_152-release-1024-b01)
# Java VM: OpenJDK 64-Bit Server VM (25.152-b01 mixed mode bsd-amd64 compressed oops)
Heap:
 PSYoungGen      total 201728K, used 85196K [0x00000007aab00000, 0x00000007b9580000, 0x00000007c0000000)
  eden space 181248K, 47% used [0x00000007aab00000,0x00000007afe331c0,0x00000007b5c00000)
  from space 20480K, 0% used [0x00000007b7200000,0x00000007b7200000,0x00000007b8600000)
  to   space 22528K, 0% used [0x00000007b5c00000,0x00000007b5c00000,0x00000007b7200000)
 ParOldGen       total 256000K, used 32531K [0x0000000780000000, 0x000000078fa00000, 0x00000007aab00000)
  object space 256000K, 12% used [0x0000000780000000,0x0000000781fc4f08,0x000000078fa00000)
 Metaspace       used 63712K, capacity 65706K, committed 66008K, reserved 1105920K
  class space    used 8648K, capacity 9163K, committed 9216K, reserved 1048576K
GC Heap History (10 events):
Event: 4.261 GC heap before
{Heap before GC invocations=7 (full 2):
 PSYoungGen      total 138240K, used 10739K [0x00000007aab00000, 0x00000007b4980000, 0x00000007c0000000)
  eden space 127488K, 0% used [0x00000007aab00000,0x00000007aab00000,0x00000007b2780000)
  from space 10752K, 99% used [0x00000007b2780000,0x00000007b31fcf00,0x00000007b3200000)
  to   space 13824K, 0% used [0x00000007b3c00000,0x00000007b3c00000,0x00000007b4980000)
 ParOldGen       total 108544K, used 10682K [0x0000000780000000, 0x0000000786a00000, 0x00000007aab00000)
  object space 108544K, 9% used [0x0000000780000000,0x0000000780a6eb28,0x0000000786a00000)
 Metaspace       used 34624K, capacity 35200K, committed 35416K, reserved 1079296K
  class space    used 4777K, capacity 4970K, committed 4992K, reserved 1048576K
Event: 4.308 GC heap after
Heap after GC invocations=7 (full 2):
 PSYoungGen      total 138240K, used 0K [0x00000007aab00000, 0x00000007b4980000, 0x00000007c0000000)
  eden space 127488K, 0% used [0x00000007aab00000,0x00000007aab00000,0x00000007b2780000)
  from space 10752K, 0% used [0x00000007b2780000,0x00000007b2780000,0x00000007b3200000)
  to   space 13824K, 0% used [0x00000007b3c00000,0x00000007b3c00000,0x00000007b4980000)
 ParOldGen       total 181248K, used 19263K [0x0000000780000000, 0x000000078b100000, 0x00000007aab00000)
  object space 181248K, 10% used [0x0000000780000000,0x00000007812cfe28,0x000000078b100000)
 Metaspace       used 34624K, capacity 35200K, committed 35416K, reserved 1079296K
  class space    used 4777K, capacity 4970K, committed 4992K, reserved 1048576K
}
Event: 5.389 GC heap before
{Heap before GC invocations=8 (full 2):
 PSYoungGen      total 138240K, used 127488K [0x00000007aab00000, 0x00000007b4980000, 0x00000007c0000000)
  eden space 127488K, 100% used [0x00000007aab00000,0x00000007b2780000,0x00000007b2780000)
  from space 10752K, 0% used [0x00000007b2780000,0x00000007b2780000,0x00000007b3200000)
  to   space 13824K, 0% used [0x00000007b3c00000,0x00000007b3c00000,0x00000007b4980000)
 ParOldGen       total 181248K, used 19263K [0x0000000780000000, 0x000000078b100000, 0x00000007aab00000)
  object space 181248K, 10% used [0x0000000780000000,0x00000007812cfe28,0x000000078b100000)
 Metaspace       used 42551K, capacity 43420K, committed 43864K, reserved 1087488K
  class space    used 5894K, capacity 6169K, committed 6272K, reserved 1048576K
Event: 5.401 GC heap after
Heap after GC invocations=8 (full 2):
 PSYoungGen      total 146944K, used 13740K [0x00000007aab00000, 0x00000007b7580000, 0x00000007c0000000)
  eden space 133120K, 0% used [0x00000007aab00000,0x00000007aab00000,0x00000007b2d00000)
  from space 13824K, 99% used [0x00000007b3c00000,0x00000007b496b030,0x00000007b4980000)
  to   space 15360K, 0% used [0x00000007b2d00000,0x00000007b2d00000,0x00000007b3c00000)
 ParOldGen       total 181248K, used 19271K [0x0000000780000000, 0x000000078b100000, 0x00000007aab00000)
  object space 181248K, 10% used [0x0000000780000000,0x00000007812d1e28,0x000000078b100000)
 Metaspace       used 42551K, capacity 43420K, committed 43864K, reserved 1087488K
  class space    used 5894K, capacity 6169K, committed 6272K, reserved 1048576K
}
Event: 6.977 GC heap before
{Heap before GC invocations=9 (full 2):
 PSYoungGen      total 146944K, used 146860K [0x00000007aab00000, 0x00000007b7580000, 0x00000007c0000000)
  eden space 133120K, 100% used [0x00000007aab00000,0x00000007b2d00000,0x00000007b2d00000)
  from space 13824K, 99% used [0x00000007b3c00000,0x00000007b496b030,0x00000007b4980000)
  to   space 15360K, 0% used [0x00000007b2d00000,0x00000007b2d00000,0x00000007b3c00000)
 ParOldGen       total 181248K, used 19271K [0x0000000780000000, 0x000000078b100000, 0x00000007aab00000)
  object space 181248K, 10% used [0x0000000780000000,0x00000007812d1e28,0x000000078b100000)
 Metaspace       used 53259K, capacity 54872K, committed 55128K, reserved 1097728K
  class space    used 7337K, capacity 7743K, committed 7808K, reserved 1048576K
Event: 6.997 GC heap after
Heap after GC invocations=9 (full 2):
 PSYoungGen      total 148480K, used 15343K [0x00000007aab00000, 0x00000007b8600000, 0x00000007c0000000)
  eden space 133120K, 0% used [0x00000007aab00000,0x00000007aab00000,0x00000007b2d00000)
  from space 15360K, 99% used [0x00000007b2d00000,0x00000007b3bfbc18,0x00000007b3c00000)
  to   space 20480K, 0% used [0x00000007b7200000,0x00000007b7200000,0x00000007b8600000)
 ParOldGen       total 181248K, used 25600K [0x0000000780000000, 0x000000078b100000, 0x00000007aab00000)
  object space 181248K, 14% used [0x0000000780000000,0x00000007819000f0,0x000000078b100000)
 Metaspace       used 53259K, capacity 54872K, committed 55128K, reserved 1097728K
  class space    used 7337K, capacity 7743K, committed 7808K, reserved 1048576K
}
Event: 7.424 GC heap before
{Heap before GC invocations=10 (full 2):
 PSYoungGen      total 148480K, used 51881K [0x00000007aab00000, 0x00000007b8600000, 0x00000007c0000000)
  eden space 133120K, 27% used [0x00000007aab00000,0x00000007aceae9a0,0x00000007b2d00000)
  from space 15360K, 99% used [0x00000007b2d00000,0x00000007b3bfbc18,0x00000007b3c00000)
  to   space 20480K, 0% used [0x00000007b7200000,0x00000007b7200000,0x00000007b8600000)
 ParOldGen       total 181248K, used 25600K [0x0000000780000000, 0x000000078b100000, 0x00000007aab00000)
  object space 181248K, 14% used [0x0000000780000000,0x00000007819000f0,0x000000078b100000)
 Metaspace       used 57259K, capacity 58896K, committed 58968K, reserved 1099776K
  class space    used 7870K, capacity 8271K, committed 8320K, reserved 1048576K
Event: 7.440 GC heap after
Heap after GC invocations=10 (full 2):
 PSYoungGen      total 201728K, used 19124K [0x00000007aab00000, 0x00000007b9580000, 0x00000007c0000000)
  eden space 181248K, 0% used [0x00000007aab00000,0x00000007aab00000,0x00000007b5c00000)
  from space 20480K, 93% used [0x00000007b7200000,0x00000007b84ad0b0,0x00000007b8600000)
  to   space 22528K, 0% used [0x00000007b5c00000,0x00000007b5c00000,0x00000007b7200000)
 ParOldGen       total 181248K, used 25608K [0x0000000780000000, 0x000000078b100000, 0x00000007aab00000)
  object space 181248K, 14% used [0x0000000780000000,0x00000007819020f0,0x000000078b100000)
 Metaspace       used 57259K, capacity 58896K, committed 58968K, reserved 1099776K
  class space    used 7870K, capacity 8271K, committed 8320K, reserved 1048576K
}
Event: 7.440 GC heap before
{Heap before GC invocations=11 (full 3):
 PSYoungGen      total 201728K, used 19124K [0x00000007aab00000, 0x00000007b9580000, 0x00000007c0000000)
  eden space 181248K, 0% used [0x00000007aab00000,0x00000007aab00000,0x00000007b5c00000)
  from space 20480K, 93% used [0x00000007b7200000,0x00000007b84ad0b0,0x00000007b8600000)
  to   space 22528K, 0% used [0x00000007b5c00000,0x00000007b5c00000,0x00000007b7200000)
 ParOldGen       total 181248K, used 25608K [0x0000000780000000, 0x000000078b100000, 0x00000007aab00000)
  object space 181248K, 14% used [0x0000000780000000,0x00000007819020f0,0x000000078b100000)
 Metaspace       used 57259K, capacity 58896K, committed 58968K, reserved 1099776K
  class space    used 7870K, capacity 8271K, committed 8320K, reserved 1048576K
Event: 7.581 GC heap after
Heap after GC invocations=11 (full 3):
 PSYoungGen      total 201728K, used 0K [0x00000007aab00000, 0x00000007b9580000, 0x00000007c0000000)
  eden space 181248K, 0% used [0x00000007aab00000,0x00000007aab00000,0x00000007b5c00000)
  from space 20480K, 0% used [0x00000007b7200000,0x00000007b7200000,0x00000007b8600000)
  to   space 22528K, 0% used [0x00000007b5c00000,0x00000007b5c00000,0x00000007b7200000)
 ParOldGen       total 256000K, used 32531K [0x0000000780000000, 0x000000078fa00000, 0x00000007aab00000)
  object space 256000K, 12% used [0x0000000780000000,0x0000000781fc4f08,0x000000078fa00000)
 Metaspace       used 57259K, capacity 58896K, committed 58968K, reserved 1099776K
  class space    used 7870K, capacity 8271K, committed 8320K, reserved 1048576K
}

