# JRE version: OpenJDK Runtime Environment (8.0_152-b01) (build 1.8.0_152-release-1024-b01)
# Java VM: OpenJDK 64-Bit Server VM (25.152-b01 mixed mode bsd-amd64 compressed oops)
Heap:
 PSYoungGen      total 138240K, used 18631K [0x00000007aab00000, 0x00000007b5400000, 0x00000007c0000000)
  eden space 127488K, 14% used [0x00000007aab00000,0x00000007abd31e90,0x00000007b2780000)
  from space 10752K, 0% used [0x00000007b2780000,0x00000007b2780000,0x00000007b3200000)
  to   space 13824K, 0% used [0x00000007b4680000,0x00000007b4680000,0x00000007b5400000)
 ParOldGen       total 172544K, used 19299K [0x0000000780000000, 0x000000078a880000, 0x00000007aab00000)
  object space 172544K, 11% used [0x0000000780000000,0x00000007812d8f98,0x000000078a880000)
 Metaspace       used 35690K, capacity 36230K, committed 36568K, reserved 1081344K
  class space    used 4916K, capacity 5115K, committed 5120K, reserved 1048576K
GC Heap History (10 events):
Event: 2.121 GC heap before
{Heap before GC invocations=3 (full 0):
 PSYoungGen      total 76288K, used 32405K [0x00000007aab00000, 0x00000007b4000000, 0x00000007c0000000)
  eden space 65536K, 33% used [0x00000007aab00000,0x00000007ac07ed38,0x00000007aeb00000)
  from space 10752K, 96% used [0x00000007af580000,0x00000007affa6a78,0x00000007b0000000)
  to   space 10752K, 0% used [0x00000007aeb00000,0x00000007aeb00000,0x00000007af580000)
 ParOldGen       total 175104K, used 24K [0x0000000780000000, 0x000000078ab00000, 0x00000007aab00000)
  object space 175104K, 0% used [0x0000000780000000,0x0000000780006000,0x000000078ab00000)
 Metaspace       used 20810K, capacity 21096K, committed 21248K, reserved 1067008K
  class space    used 2913K, capacity 3016K, committed 3072K, reserved 1048576K
Event: 2.130 GC heap after
Heap after GC invocations=3 (full 0):
 PSYoungGen      total 76288K, used 9061K [0x00000007aab00000, 0x00000007b4000000, 0x00000007c0000000)
  eden space 65536K, 0% used [0x00000007aab00000,0x00000007aab00000,0x00000007aeb00000)
  from space 10752K, 84% used [0x00000007aeb00000,0x00000007af3d9590,0x00000007af580000)
  to   space 10752K, 0% used [0x00000007b3580000,0x00000007b3580000,0x00000007b4000000)
 ParOldGen       total 175104K, used 32K [0x0000000780000000, 0x000000078ab00000, 0x00000007aab00000)
  object space 175104K, 0% used [0x0000000780000000,0x0000000780008000,0x000000078ab00000)
 Metaspace       used 20810K, capacity 21096K, committed 21248K, reserved 1067008K
  class space    used 2913K, capacity 3016K, committed 3072K, reserved 1048576K
}
Event: 2.130 GC heap before
{Heap before GC invocations=4 (full 1):
 PSYoungGen      total 76288K, used 9061K [0x00000007aab00000, 0x00000007b4000000, 0x00000007c0000000)
  eden space 65536K, 0% used [0x00000007aab00000,0x00000007aab00000,0x00000007aeb00000)
  from space 10752K, 84% used [0x00000007aeb00000,0x00000007af3d9590,0x00000007af580000)
  to   space 10752K, 0% used [0x00000007b3580000,0x00000007b3580000,0x00000007b4000000)
 ParOldGen       total 175104K, used 32K [0x0000000780000000, 0x000000078ab00000, 0x00000007aab00000)
  object space 175104K, 0% used [0x0000000780000000,0x0000000780008000,0x000000078ab00000)
 Metaspace       used 20810K, capacity 21096K, committed 21248K, reserved 1067008K
  class space    used 2913K, capacity 3016K, committed 3072K, reserved 1048576K
Event: 2.168 GC heap after
Heap after GC invocations=4 (full 1):
 PSYoungGen      total 76288K, used 0K [0x00000007aab00000, 0x00000007b4000000, 0x00000007c0000000)
  eden space 65536K, 0% used [0x00000007aab00000,0x00000007aab00000,0x00000007aeb00000)
  from space 10752K, 0% used [0x00000007aeb00000,0x00000007aeb00000,0x00000007af580000)
  to   space 10752K, 0% used [0x00000007b3580000,0x00000007b3580000,0x00000007b4000000)
 ParOldGen       total 106496K, used 8788K [0x0000000780000000, 0x0000000786800000, 0x00000007aab00000)
  object space 106496K, 8% used [0x0000000780000000,0x0000000780895280,0x0000000786800000)
 Metaspace       used 20810K, capacity 21096K, committed 21248K, reserved 1067008K
  class space    used 2913K, capacity 3016K, committed 3072K, reserved 1048576K
}
Event: 2.927 GC heap before
{Heap before GC invocations=5 (full 1):
 PSYoungGen      total 76288K, used 65536K [0x00000007aab00000, 0x00000007b4000000, 0x00000007c0000000)
  eden space 65536K, 100% used [0x00000007aab00000,0x00000007aeb00000,0x00000007aeb00000)
  from space 10752K, 0% used [0x00000007aeb00000,0x00000007aeb00000,0x00000007af580000)
  to   space 10752K, 0% used [0x00000007b3580000,0x00000007b3580000,0x00000007b4000000)
 ParOldGen       total 106496K, used 8788K [0x0000000780000000, 0x0000000786800000, 0x00000007aab00000)
  object space 106496K, 8% used [0x0000000780000000,0x0000000780895280,0x0000000786800000)
 Metaspace       used 26079K, capacity 26472K, committed 26880K, reserved 1073152K
  class space    used 3613K, capacity 3775K, committed 3840K, reserved 1048576K
Event: 2.936 GC heap after
Heap after GC invocations=5 (full 1):
 PSYoungGen      total 105472K, used 6694K [0x00000007aab00000, 0x00000007b3c80000, 0x00000007c0000000)
  eden space 98304K, 0% used [0x00000007aab00000,0x00000007aab00000,0x00000007b0b00000)
  from space 7168K, 93% used [0x00000007b3580000,0x00000007b3c09ae0,0x00000007b3c80000)
  to   space 10752K, 0% used [0x00000007b2780000,0x00000007b2780000,0x00000007b3200000)
 ParOldGen       total 106496K, used 8796K [0x0000000780000000, 0x0000000786800000, 0x00000007aab00000)
  object space 106496K, 8% used [0x0000000780000000,0x0000000780897280,0x0000000786800000)
 Metaspace       used 26079K, capacity 26472K, committed 26880K, reserved 1073152K
  class space    used 3613K, capacity 3775K, committed 3840K, reserved 1048576K
}
Event: 4.142 GC heap before
{Heap before GC invocations=6 (full 1):
 PSYoungGen      total 105472K, used 96489K [0x00000007aab00000, 0x00000007b3c80000, 0x00000007c0000000)
  eden space 98304K, 91% used [0x00000007aab00000,0x00000007b02b0b50,0x00000007b0b00000)
  from space 7168K, 93% used [0x00000007b3580000,0x00000007b3c09ae0,0x00000007b3c80000)
  to   space 10752K, 0% used [0x00000007b2780000,0x00000007b2780000,0x00000007b3200000)
 ParOldGen       total 106496K, used 8796K [0x0000000780000000, 0x0000000786800000, 0x00000007aab00000)
  object space 106496K, 8% used [0x0000000780000000,0x0000000780897280,0x0000000786800000)
 Metaspace       used 34720K, capacity 35234K, committed 35416K, reserved 1079296K
  class space    used 4770K, capacity 4951K, committed 4992K, reserved 1048576K
Event: 4.158 GC heap after
Heap after GC invocations=6 (full 1):
 PSYoungGen      total 138240K, used 10746K [0x00000007aab00000, 0x00000007b5400000, 0x00000007c0000000)
  eden space 127488K, 0% used [0x00000007aab00000,0x00000007aab00000,0x00000007b2780000)
  from space 10752K, 99% used [0x00000007b2780000,0x00000007b31fe990,0x00000007b3200000)
  to   space 13824K, 0% used [0x00000007b4680000,0x00000007b4680000,0x00000007b5400000)
 ParOldGen       total 106496K, used 10875K [0x0000000780000000, 0x0000000786800000, 0x00000007aab00000)
  object space 106496K, 10% used [0x0000000780000000,0x0000000780a9edc8,0x0000000786800000)
 Metaspace       used 34720K, capacity 35234K, committed 35416K, reserved 1079296K
  class space    used 4770K, capacity 4951K, committed 4992K, reserved 1048576K
}
Event: 4.158 GC heap before
{Heap before GC invocations=7 (full 2):
 PSYoungGen      total 138240K, used 10746K [0x00000007aab00000, 0x00000007b5400000, 0x00000007c0000000)
  eden space 127488K, 0% used [0x00000007aab00000,0x00000007aab00000,0x00000007b2780000)
  from space 10752K, 99% used [0x00000007b2780000,0x00000007b31fe990,0x00000007b3200000)
  to   space 13824K, 0% used [0x00000007b4680000,0x00000007b4680000,0x00000007b5400000)
 ParOldGen       total 106496K, used 10875K [0x0000000780000000, 0x0000000786800000, 0x00000007aab00000)
  object space 106496K, 10% used [0x0000000780000000,0x0000000780a9edc8,0x0000000786800000)
 Metaspace       used 34720K, capacity 35234K, committed 35416K, reserved 1079296K
  class space    used 4770K, capacity 4951K, committed 4992K, reserved 1048576K
Event: 4.205 GC heap after
Heap after GC invocations=7 (full 2):
 PSYoungGen      total 138240K, used 0K [0x00000007aab00000, 0x00000007b5400000, 0x00000007c0000000)
  eden space 127488K, 0% used [0x00000007aab00000,0x00000007aab00000,0x00000007b2780000)
  from space 10752K, 0% used [0x00000007b2780000,0x00000007b2780000,0x00000007b3200000)
  to   space 13824K, 0% used [0x00000007b4680000,0x00000007b4680000,0x00000007b5400000)
 ParOldGen       total 172544K, used 19299K [0x0000000780000000, 0x000000078a880000, 0x00000007aab00000)
  object space 172544K, 11% used [0x0000000780000000,0x00000007812d8f98,0x000000078a880000)
 Metaspace       used 34720K, capacity 35234K, committed 35416K, reserved 1079296K
  class space    used 4770K, capacity 4951K, committed 4992K, reserved 1048576K
}

