# JRE version: OpenJDK Runtime Environment (8.0_152-b01) (build 1.8.0_152-release-1024-b01)
# Java VM: OpenJDK 64-Bit Server VM (25.152-b01 mixed mode bsd-amd64 compressed oops)
Heap:
 PSYoungGen      total 272896K, used 49927K [0x00000007aab00000, 0x00000007bec80000, 0x00000007c0000000)
  eden space 262144K, 19% used [0x00000007aab00000,0x00000007adbc1c68,0x00000007bab00000)
  from space 10752K, 0% used [0x00000007bab00000,0x00000007bab00000,0x00000007bb580000)
  to   space 12800K, 0% used [0x00000007be000000,0x00000007be000000,0x00000007bec80000)
 ParOldGen       total 164864K, used 16288K [0x0000000780000000, 0x000000078a100000, 0x00000007aab00000)
  object space 164864K, 9% used [0x0000000780000000,0x0000000780fe8240,0x000000078a100000)
 Metaspace       used 36319K, capacity 36972K, committed 37208K, reserved 1081344K
  class space    used 4988K, capacity 5200K, committed 5248K, reserved 1048576K
GC Heap History (10 events):
Event: 1.864 GC heap before
{Heap before GC invocations=3 (full 0):
 PSYoungGen      total 141824K, used 33481K [0x00000007aab00000, 0x00000007b4000000, 0x00000007c0000000)
  eden space 131072K, 17% used [0x00000007aab00000,0x00000007ac188d20,0x00000007b2b00000)
  from space 10752K, 96% used [0x00000007b3580000,0x00000007b3fa9720,0x00000007b4000000)
  to   space 10752K, 0% used [0x00000007b2b00000,0x00000007b2b00000,0x00000007b3580000)
 ParOldGen       total 175104K, used 24K [0x0000000780000000, 0x000000078ab00000, 0x00000007aab00000)
  object space 175104K, 0% used [0x0000000780000000,0x0000000780006000,0x000000078ab00000)
 Metaspace       used 20676K, capacity 21070K, committed 21248K, reserved 1067008K
  class space    used 2896K, capacity 3037K, committed 3072K, reserved 1048576K
Event: 1.875 GC heap after
Heap after GC invocations=3 (full 0):
 PSYoungGen      total 141824K, used 8931K [0x00000007aab00000, 0x00000007bc000000, 0x00000007c0000000)
  eden space 131072K, 0% used [0x00000007aab00000,0x00000007aab00000,0x00000007b2b00000)
  from space 10752K, 83% used [0x00000007b2b00000,0x00000007b33b8f38,0x00000007b3580000)
  to   space 10752K, 0% used [0x00000007bb580000,0x00000007bb580000,0x00000007bc000000)
 ParOldGen       total 175104K, used 32K [0x0000000780000000, 0x000000078ab00000, 0x00000007aab00000)
  object space 175104K, 0% used [0x0000000780000000,0x0000000780008000,0x000000078ab00000)
 Metaspace       used 20676K, capacity 21070K, committed 21248K, reserved 1067008K
  class space    used 2896K, capacity 3037K, committed 3072K, reserved 1048576K
}
Event: 1.875 GC heap before
{Heap before GC invocations=4 (full 1):
 PSYoungGen      total 141824K, used 8931K [0x00000007aab00000, 0x00000007bc000000, 0x00000007c0000000)
  eden space 131072K, 0% used [0x00000007aab00000,0x00000007aab00000,0x00000007b2b00000)
  from space 10752K, 83% used [0x00000007b2b00000,0x00000007b33b8f38,0x00000007b3580000)
  to   space 10752K, 0% used [0x00000007bb580000,0x00000007bb580000,0x00000007bc000000)
 ParOldGen       total 175104K, used 32K [0x0000000780000000, 0x000000078ab00000, 0x00000007aab00000)
  object space 175104K, 0% used [0x0000000780000000,0x0000000780008000,0x000000078ab00000)
 Metaspace       used 20676K, capacity 21070K, committed 21248K, reserved 1067008K
  class space    used 2896K, capacity 3037K, committed 3072K, reserved 1048576K
Event: 1.910 GC heap after
Heap after GC invocations=4 (full 1):
 PSYoungGen      total 141824K, used 0K [0x00000007aab00000, 0x00000007bc000000, 0x00000007c0000000)
  eden space 131072K, 0% used [0x00000007aab00000,0x00000007aab00000,0x00000007b2b00000)
  from space 10752K, 0% used [0x00000007b2b00000,0x00000007b2b00000,0x00000007b3580000)
  to   space 10752K, 0% used [0x00000007bb580000,0x00000007bb580000,0x00000007bc000000)
 ParOldGen       total 104448K, used 8648K [0x0000000780000000, 0x0000000786600000, 0x00000007aab00000)
  object space 104448K, 8% used [0x0000000780000000,0x0000000780872280,0x0000000786600000)
 Metaspace       used 20676K, capacity 21070K, committed 21248K, reserved 1067008K
  class space    used 2896K, capacity 3037K, committed 3072K, reserved 1048576K
}
Event: 3.196 GC heap before
{Heap before GC invocations=5 (full 1):
 PSYoungGen      total 141824K, used 131072K [0x00000007aab00000, 0x00000007bc000000, 0x00000007c0000000)
  eden space 131072K, 100% used [0x00000007aab00000,0x00000007b2b00000,0x00000007b2b00000)
  from space 10752K, 0% used [0x00000007b2b00000,0x00000007b2b00000,0x00000007b3580000)
  to   space 10752K, 0% used [0x00000007bb580000,0x00000007bb580000,0x00000007bc000000)
 ParOldGen       total 104448K, used 8648K [0x0000000780000000, 0x0000000786600000, 0x00000007aab00000)
  object space 104448K, 8% used [0x0000000780000000,0x0000000780872280,0x0000000786600000)
 Metaspace       used 29390K, capacity 29884K, committed 30208K, reserved 1075200K
  class space    used 4138K, capacity 4321K, committed 4352K, reserved 1048576K
Event: 3.211 GC heap after
Heap after GC invocations=5 (full 1):
 PSYoungGen      total 209408K, used 10748K [0x00000007aab00000, 0x00000007bc000000, 0x00000007c0000000)
  eden space 198656K, 0% used [0x00000007aab00000,0x00000007aab00000,0x00000007b6d00000)
  from space 10752K, 99% used [0x00000007bb580000,0x00000007bbfff2a0,0x00000007bc000000)
  to   space 10752K, 0% used [0x00000007bab00000,0x00000007bab00000,0x00000007bb580000)
 ParOldGen       total 104448K, used 10398K [0x0000000780000000, 0x0000000786600000, 0x00000007aab00000)
  object space 104448K, 9% used [0x0000000780000000,0x0000000780a27b20,0x0000000786600000)
 Metaspace       used 29390K, capacity 29884K, committed 30208K, reserved 1075200K
  class space    used 4138K, capacity 4321K, committed 4352K, reserved 1048576K
}
Event: 3.638 GC heap before
{Heap before GC invocations=6 (full 1):
 PSYoungGen      total 209408K, used 40518K [0x00000007aab00000, 0x00000007bc000000, 0x00000007c0000000)
  eden space 198656K, 14% used [0x00000007aab00000,0x00000007ac812830,0x00000007b6d00000)
  from space 10752K, 99% used [0x00000007bb580000,0x00000007bbfff2a0,0x00000007bc000000)
  to   space 10752K, 0% used [0x00000007bab00000,0x00000007bab00000,0x00000007bb580000)
 ParOldGen       total 104448K, used 10398K [0x0000000780000000, 0x0000000786600000, 0x00000007aab00000)
  object space 104448K, 9% used [0x0000000780000000,0x0000000780a27b20,0x0000000786600000)
 Metaspace       used 34641K, capacity 35200K, committed 35416K, reserved 1079296K
  class space    used 4772K, capacity 4970K, committed 4992K, reserved 1048576K
Event: 3.648 GC heap after
Heap after GC invocations=6 (full 1):
 PSYoungGen      total 272896K, used 9656K [0x00000007aab00000, 0x00000007bec80000, 0x00000007c0000000)
  eden space 262144K, 0% used [0x00000007aab00000,0x00000007aab00000,0x00000007bab00000)
  from space 10752K, 89% used [0x00000007bab00000,0x00000007bb46e150,0x00000007bb580000)
  to   space 12800K, 0% used [0x00000007be000000,0x00000007be000000,0x00000007bec80000)
 ParOldGen       total 104448K, used 10406K [0x0000000780000000, 0x0000000786600000, 0x00000007aab00000)
  object space 104448K, 9% used [0x0000000780000000,0x0000000780a29b20,0x0000000786600000)
 Metaspace       used 34641K, capacity 35200K, committed 35416K, reserved 1079296K
  class space    used 4772K, capacity 4970K, committed 4992K, reserved 1048576K
}
Event: 3.648 GC heap before
{Heap before GC invocations=7 (full 2):
 PSYoungGen      total 272896K, used 9656K [0x00000007aab00000, 0x00000007bec80000, 0x00000007c0000000)
  eden space 262144K, 0% used [0x00000007aab00000,0x00000007aab00000,0x00000007bab00000)
  from space 10752K, 89% used [0x00000007bab00000,0x00000007bb46e150,0x00000007bb580000)
  to   space 12800K, 0% used [0x00000007be000000,0x00000007be000000,0x00000007bec80000)
 ParOldGen       total 104448K, used 10406K [0x0000000780000000, 0x0000000786600000, 0x00000007aab00000)
  object space 104448K, 9% used [0x0000000780000000,0x0000000780a29b20,0x0000000786600000)
 Metaspace       used 34641K, capacity 35200K, committed 35416K, reserved 1079296K
  class space    used 4772K, capacity 4970K, committed 4992K, reserved 1048576K
Event: 3.697 GC heap after
Heap after GC invocations=7 (full 2):
 PSYoungGen      total 272896K, used 0K [0x00000007aab00000, 0x00000007bec80000, 0x00000007c0000000)
  eden space 262144K, 0% used [0x00000007aab00000,0x00000007aab00000,0x00000007bab00000)
  from space 10752K, 0% used [0x00000007bab00000,0x00000007bab00000,0x00000007bb580000)
  to   space 12800K, 0% used [0x00000007be000000,0x00000007be000000,0x00000007bec80000)
 ParOldGen       total 164864K, used 16288K [0x0000000780000000, 0x000000078a100000, 0x00000007aab00000)
  object space 164864K, 9% used [0x0000000780000000,0x0000000780fe8240,0x000000078a100000)
 Metaspace       used 34641K, capacity 35200K, committed 35416K, reserved 1079296K
  class space    used 4772K, capacity 4970K, committed 4992K, reserved 1048576K
}

