# JRE version: OpenJDK Runtime Environment (8.0_152-b01) (build 1.8.0_152-release-1024-b01)
# Java VM: OpenJDK 64-Bit Server VM (25.152-b01 mixed mode bsd-amd64 compressed oops)
Heap:
 PSYoungGen      total 289280K, used 203616K [0x00000007aab00000, 0x00000007c0000000, 0x00000007c0000000)
  eden space 268288K, 75% used [0x00000007aab00000,0x00000007b71d81b8,0x00000007bb100000)
  from space 20992K, 0% used [0x00000007bb100000,0x00000007bb100000,0x00000007bc580000)
  to   space 22528K, 0% used [0x00000007bea00000,0x00000007bea00000,0x00000007c0000000)
 ParOldGen       total 265216K, used 37072K [0x0000000780000000, 0x0000000790300000, 0x00000007aab00000)
  object space 265216K, 13% used [0x0000000780000000,0x0000000782434018,0x0000000790300000)
 Metaspace       used 68922K, capacity 71296K, committed 71640K, reserved 1112064K
  class space    used 9078K, capacity 9624K, committed 9728K, reserved 1048576K
GC Heap History (10 events):
Event: 3.902 GC heap before
{Heap before GC invocations=6 (full 1):
 PSYoungGen      total 200192K, used 42216K [0x00000007aab00000, 0x00000007bc000000, 0x00000007c0000000)
  eden space 189440K, 16% used [0x00000007aab00000,0x00000007ac9bfd60,0x00000007b6400000)
  from space 10752K, 99% used [0x00000007bb580000,0x00000007bbffa610,0x00000007bc000000)
  to   space 10752K, 0% used [0x00000007bab00000,0x00000007bab00000,0x00000007bb580000)
 ParOldGen       total 109568K, used 10237K [0x0000000780000000, 0x0000000786b00000, 0x00000007aab00000)
  object space 109568K, 9% used [0x0000000780000000,0x00000007809ff620,0x0000000786b00000)
 Metaspace       used 34737K, capacity 35234K, committed 35416K, reserved 1079296K
  class space    used 4767K, capacity 4951K, committed 4992K, reserved 1048576K
Event: 3.912 GC heap after
Heap after GC invocations=6 (full 1):
 PSYoungGen      total 272896K, used 9765K [0x00000007aab00000, 0x00000007bd180000, 0x00000007c0000000)
  eden space 262144K, 0% used [0x00000007aab00000,0x00000007aab00000,0x00000007bab00000)
  from space 10752K, 90% used [0x00000007bab00000,0x00000007bb489418,0x00000007bb580000)
  to   space 12288K, 0% used [0x00000007bc580000,0x00000007bc580000,0x00000007bd180000)
 ParOldGen       total 109568K, used 10245K [0x0000000780000000, 0x0000000786b00000, 0x00000007aab00000)
  object space 109568K, 9% used [0x0000000780000000,0x0000000780a01620,0x0000000786b00000)
 Metaspace       used 34737K, capacity 35234K, committed 35416K, reserved 1079296K
  class space    used 4767K, capacity 4951K, committed 4992K, reserved 1048576K
}
Event: 3.912 GC heap before
{Heap before GC invocations=7 (full 2):
 PSYoungGen      total 272896K, used 9765K [0x00000007aab00000, 0x00000007bd180000, 0x00000007c0000000)
  eden space 262144K, 0% used [0x00000007aab00000,0x00000007aab00000,0x00000007bab00000)
  from space 10752K, 90% used [0x00000007bab00000,0x00000007bb489418,0x00000007bb580000)
  to   space 12288K, 0% used [0x00000007bc580000,0x00000007bc580000,0x00000007bd180000)
 ParOldGen       total 109568K, used 10245K [0x0000000780000000, 0x0000000786b00000, 0x00000007aab00000)
  object space 109568K, 9% used [0x0000000780000000,0x0000000780a01620,0x0000000786b00000)
 Metaspace       used 34737K, capacity 35234K, committed 35416K, reserved 1079296K
  class space    used 4767K, capacity 4951K, committed 4992K, reserved 1048576K
Event: 3.961 GC heap after
Heap after GC invocations=7 (full 2):
 PSYoungGen      total 272896K, used 0K [0x00000007aab00000, 0x00000007bd180000, 0x00000007c0000000)
  eden space 262144K, 0% used [0x00000007aab00000,0x00000007aab00000,0x00000007bab00000)
  from space 10752K, 0% used [0x00000007bab00000,0x00000007bab00000,0x00000007bb580000)
  to   space 12288K, 0% used [0x00000007bc580000,0x00000007bc580000,0x00000007bd180000)
 ParOldGen       total 174080K, used 16491K [0x0000000780000000, 0x000000078aa00000, 0x00000007aab00000)
  object space 174080K, 9% used [0x0000000780000000,0x000000078101ac20,0x000000078aa00000)
 Metaspace       used 34737K, capacity 35234K, committed 35416K, reserved 1079296K
  class space    used 4767K, capacity 4951K, committed 4992K, reserved 1048576K
}
Event: 7.042 GC heap before
{Heap before GC invocations=8 (full 2):
 PSYoungGen      total 272896K, used 262144K [0x00000007aab00000, 0x00000007bd180000, 0x00000007c0000000)
  eden space 262144K, 100% used [0x00000007aab00000,0x00000007bab00000,0x00000007bab00000)
  from space 10752K, 0% used [0x00000007bab00000,0x00000007bab00000,0x00000007bb580000)
  to   space 12288K, 0% used [0x00000007bc580000,0x00000007bc580000,0x00000007bd180000)
 ParOldGen       total 174080K, used 16491K [0x0000000780000000, 0x000000078aa00000, 0x00000007aab00000)
  object space 174080K, 9% used [0x0000000780000000,0x000000078101ac20,0x000000078aa00000)
 Metaspace       used 52794K, capacity 54186K, committed 54488K, reserved 1095680K
  class space    used 7235K, capacity 7582K, committed 7680K, reserved 1048576K
Event: 7.065 GC heap after
Heap after GC invocations=8 (full 2):
 PSYoungGen      total 280576K, used 12278K [0x00000007aab00000, 0x00000007c0000000, 0x00000007c0000000)
  eden space 268288K, 0% used [0x00000007aab00000,0x00000007aab00000,0x00000007bb100000)
  from space 12288K, 99% used [0x00000007bc580000,0x00000007bd17dbd8,0x00000007bd180000)
  to   space 20992K, 0% used [0x00000007bb100000,0x00000007bb100000,0x00000007bc580000)
 ParOldGen       total 174080K, used 30085K [0x0000000780000000, 0x000000078aa00000, 0x00000007aab00000)
  object space 174080K, 17% used [0x0000000780000000,0x0000000781d61650,0x000000078aa00000)
 Metaspace       used 52794K, capacity 54186K, committed 54488K, reserved 1095680K
  class space    used 7235K, capacity 7582K, committed 7680K, reserved 1048576K
}
Event: 9.599 GC heap before
{Heap before GC invocations=9 (full 2):
 PSYoungGen      total 280576K, used 163056K [0x00000007aab00000, 0x00000007c0000000, 0x00000007c0000000)
  eden space 268288K, 56% used [0x00000007aab00000,0x00000007b3e3e578,0x00000007bb100000)
  from space 12288K, 99% used [0x00000007bc580000,0x00000007bd17dbd8,0x00000007bd180000)
  to   space 20992K, 0% used [0x00000007bb100000,0x00000007bb100000,0x00000007bc580000)
 ParOldGen       total 174080K, used 30085K [0x0000000780000000, 0x000000078aa00000, 0x00000007aab00000)
  object space 174080K, 17% used [0x0000000780000000,0x0000000781d61650,0x000000078aa00000)
 Metaspace       used 57177K, capacity 58908K, committed 59028K, reserved 1099776K
  class space    used 7723K, capacity 8123K, committed 8192K, reserved 1048576K
Event: 9.613 GC heap after
Heap after GC invocations=9 (full 2):
 PSYoungGen      total 289280K, used 17706K [0x00000007aab00000, 0x00000007c0000000, 0x00000007c0000000)
  eden space 268288K, 0% used [0x00000007aab00000,0x00000007aab00000,0x00000007bb100000)
  from space 20992K, 84% used [0x00000007bb100000,0x00000007bc24ab18,0x00000007bc580000)
  to   space 22528K, 0% used [0x00000007bea00000,0x00000007bea00000,0x00000007c0000000)
 ParOldGen       total 174080K, used 30093K [0x0000000780000000, 0x000000078aa00000, 0x00000007aab00000)
  object space 174080K, 17% used [0x0000000780000000,0x0000000781d63650,0x000000078aa00000)
 Metaspace       used 57177K, capacity 58908K, committed 59028K, reserved 1099776K
  class space    used 7723K, capacity 8123K, committed 8192K, reserved 1048576K
}
Event: 9.613 GC heap before
{Heap before GC invocations=10 (full 3):
 PSYoungGen      total 289280K, used 17706K [0x00000007aab00000, 0x00000007c0000000, 0x00000007c0000000)
  eden space 268288K, 0% used [0x00000007aab00000,0x00000007aab00000,0x00000007bb100000)
  from space 20992K, 84% used [0x00000007bb100000,0x00000007bc24ab18,0x00000007bc580000)
  to   space 22528K, 0% used [0x00000007bea00000,0x00000007bea00000,0x00000007c0000000)
 ParOldGen       total 174080K, used 30093K [0x0000000780000000, 0x000000078aa00000, 0x00000007aab00000)
  object space 174080K, 17% used [0x0000000780000000,0x0000000781d63650,0x000000078aa00000)
 Metaspace       used 57177K, capacity 58908K, committed 59028K, reserved 1099776K
  class space    used 7723K, capacity 8123K, committed 8192K, reserved 1048576K
Event: 9.815 GC heap after
Heap after GC invocations=10 (full 3):
 PSYoungGen      total 289280K, used 0K [0x00000007aab00000, 0x00000007c0000000, 0x00000007c0000000)
  eden space 268288K, 0% used [0x00000007aab00000,0x00000007aab00000,0x00000007bb100000)
  from space 20992K, 0% used [0x00000007bb100000,0x00000007bb100000,0x00000007bc580000)
  to   space 22528K, 0% used [0x00000007bea00000,0x00000007bea00000,0x00000007c0000000)
 ParOldGen       total 265216K, used 37072K [0x0000000780000000, 0x0000000790300000, 0x00000007aab00000)
  object space 265216K, 13% used [0x0000000780000000,0x0000000782434018,0x0000000790300000)
 Metaspace       used 57177K, capacity 58908K, committed 59028K, reserved 1099776K
  class space    used 7723K, capacity 8123K, committed 8192K, reserved 1048576K
}

