# JRE version: OpenJDK Runtime Environment (8.0_152-b01) (build 1.8.0_152-release-1024-b01)
# Java VM: OpenJDK 64-Bit Server VM (25.152-b01 mixed mode bsd-amd64 compressed oops)
Heap:
 PSYoungGen      total 324096K, used 16205K [0x00000007aab00000, 0x00000007c0000000, 0x00000007c0000000)
  eden space 302592K, 0% used [0x00000007aab00000,0x00000007aab00000,0x00000007bd280000)
  from space 21504K, 75% used [0x00000007bd280000,0x00000007be2534d0,0x00000007be780000)
  to   space 22016K, 0% used [0x00000007bea80000,0x00000007bea80000,0x00000007c0000000)
 ParOldGen       total 161792K, used 29887K [0x0000000780000000, 0x0000000789e00000, 0x00000007aab00000)
  object space 161792K, 18% used [0x0000000780000000,0x0000000781d2ffd0,0x0000000789e00000)
 Metaspace       used 57235K, capacity 58894K, committed 58968K, reserved 1099776K
  class space    used 7845K, capacity 8270K, committed 8320K, reserved 1048576K
GC Heap History (10 events):
Event: 4.333 GC heap after
Heap after GC invocations=5 (full 1):
 PSYoungGen      total 212480K, used 10746K [0x00000007aab00000, 0x00000007bc000000, 0x00000007c0000000)
  eden space 201728K, 0% used [0x00000007aab00000,0x00000007aab00000,0x00000007b7000000)
  from space 10752K, 99% used [0x00000007bb580000,0x00000007bbffe8f0,0x00000007bc000000)
  to   space 10752K, 0% used [0x00000007bab00000,0x00000007bab00000,0x00000007bb580000)
 ParOldGen       total 102912K, used 10550K [0x0000000780000000, 0x0000000786480000, 0x00000007aab00000)
  object space 102912K, 10% used [0x0000000780000000,0x0000000780a4d938,0x0000000786480000)
 Metaspace       used 29411K, capacity 29948K, committed 30208K, reserved 1075200K
  class space    used 4139K, capacity 4321K, committed 4352K, reserved 1048576K
}
Event: 4.909 GC heap before
{Heap before GC invocations=6 (full 1):
 PSYoungGen      total 212480K, used 41039K [0x00000007aab00000, 0x00000007bc000000, 0x00000007c0000000)
  eden space 201728K, 15% used [0x00000007aab00000,0x00000007ac895410,0x00000007b7000000)
  from space 10752K, 99% used [0x00000007bb580000,0x00000007bbffe8f0,0x00000007bc000000)
  to   space 10752K, 0% used [0x00000007bab00000,0x00000007bab00000,0x00000007bb580000)
 ParOldGen       total 102912K, used 10550K [0x0000000780000000, 0x0000000786480000, 0x00000007aab00000)
  object space 102912K, 10% used [0x0000000780000000,0x0000000780a4d938,0x0000000786480000)
 Metaspace       used 34655K, capacity 35200K, committed 35416K, reserved 1079296K
  class space    used 4770K, capacity 4970K, committed 4992K, reserved 1048576K
Event: 4.918 GC heap after
Heap after GC invocations=6 (full 1):
 PSYoungGen      total 272896K, used 9594K [0x00000007aab00000, 0x00000007bf400000, 0x00000007c0000000)
  eden space 262144K, 0% used [0x00000007aab00000,0x00000007aab00000,0x00000007bab00000)
  from space 10752K, 89% used [0x00000007bab00000,0x00000007bb45e908,0x00000007bb580000)
  to   space 12800K, 0% used [0x00000007be780000,0x00000007be780000,0x00000007bf400000)
 ParOldGen       total 102912K, used 10558K [0x0000000780000000, 0x0000000786480000, 0x00000007aab00000)
  object space 102912K, 10% used [0x0000000780000000,0x0000000780a4f938,0x0000000786480000)
 Metaspace       used 34655K, capacity 35200K, committed 35416K, reserved 1079296K
  class space    used 4770K, capacity 4970K, committed 4992K, reserved 1048576K
}
Event: 4.918 GC heap before
{Heap before GC invocations=7 (full 2):
 PSYoungGen      total 272896K, used 9594K [0x00000007aab00000, 0x00000007bf400000, 0x00000007c0000000)
  eden space 262144K, 0% used [0x00000007aab00000,0x00000007aab00000,0x00000007bab00000)
  from space 10752K, 89% used [0x00000007bab00000,0x00000007bb45e908,0x00000007bb580000)
  to   space 12800K, 0% used [0x00000007be780000,0x00000007be780000,0x00000007bf400000)
 ParOldGen       total 102912K, used 10558K [0x0000000780000000, 0x0000000786480000, 0x00000007aab00000)
  object space 102912K, 10% used [0x0000000780000000,0x0000000780a4f938,0x0000000786480000)
 Metaspace       used 34655K, capacity 35200K, committed 35416K, reserved 1079296K
  class space    used 4770K, capacity 4970K, committed 4992K, reserved 1048576K
Event: 4.967 GC heap after
Heap after GC invocations=7 (full 2):
 PSYoungGen      total 272896K, used 0K [0x00000007aab00000, 0x00000007bf400000, 0x00000007c0000000)
  eden space 262144K, 0% used [0x00000007aab00000,0x00000007aab00000,0x00000007bab00000)
  from space 10752K, 0% used [0x00000007bab00000,0x00000007bab00000,0x00000007bb580000)
  to   space 12800K, 0% used [0x00000007be780000,0x00000007be780000,0x00000007bf400000)
 ParOldGen       total 161792K, used 16287K [0x0000000780000000, 0x0000000789e00000, 0x00000007aab00000)
  object space 161792K, 10% used [0x0000000780000000,0x0000000780fe7c70,0x0000000789e00000)
 Metaspace       used 34655K, capacity 35200K, committed 35416K, reserved 1079296K
  class space    used 4770K, capacity 4970K, committed 4992K, reserved 1048576K
}
Event: 8.753 GC heap before
{Heap before GC invocations=8 (full 2):
 PSYoungGen      total 272896K, used 262144K [0x00000007aab00000, 0x00000007bf400000, 0x00000007c0000000)
  eden space 262144K, 100% used [0x00000007aab00000,0x00000007bab00000,0x00000007bab00000)
  from space 10752K, 0% used [0x00000007bab00000,0x00000007bab00000,0x00000007bb580000)
  to   space 12800K, 0% used [0x00000007be780000,0x00000007be780000,0x00000007bf400000)
 ParOldGen       total 161792K, used 16287K [0x0000000780000000, 0x0000000789e00000, 0x00000007aab00000)
  object space 161792K, 10% used [0x0000000780000000,0x0000000780fe7c70,0x0000000789e00000)
 Metaspace       used 53225K, capacity 54808K, committed 55128K, reserved 1097728K
  class space    used 7333K, capacity 7743K, committed 7808K, reserved 1048576K
Event: 8.779 GC heap after
Heap after GC invocations=8 (full 2):
 PSYoungGen      total 315392K, used 12790K [0x00000007aab00000, 0x00000007c0000000, 0x00000007c0000000)
  eden space 302592K, 0% used [0x00000007aab00000,0x00000007aab00000,0x00000007bd280000)
  from space 12800K, 99% used [0x00000007be780000,0x00000007bf3fdbe8,0x00000007bf400000)
  to   space 21504K, 0% used [0x00000007bd280000,0x00000007bd280000,0x00000007be780000)
 ParOldGen       total 161792K, used 29879K [0x0000000780000000, 0x0000000789e00000, 0x00000007aab00000)
  object space 161792K, 18% used [0x0000000780000000,0x0000000781d2dfd0,0x0000000789e00000)
 Metaspace       used 53225K, capacity 54808K, committed 55128K, reserved 1097728K
  class space    used 7333K, capacity 7743K, committed 7808K, reserved 1048576K
}
Event: 9.661 GC heap before
{Heap before GC invocations=9 (full 2):
 PSYoungGen      total 315392K, used 62022K [0x00000007aab00000, 0x00000007c0000000, 0x00000007c0000000)
  eden space 302592K, 16% used [0x00000007aab00000,0x00000007adb13fc8,0x00000007bd280000)
  from space 12800K, 99% used [0x00000007be780000,0x00000007bf3fdbe8,0x00000007bf400000)
  to   space 21504K, 0% used [0x00000007bd280000,0x00000007bd280000,0x00000007be780000)
 ParOldGen       total 161792K, used 29879K [0x0000000780000000, 0x0000000789e00000, 0x00000007aab00000)
  object space 161792K, 18% used [0x0000000780000000,0x0000000781d2dfd0,0x0000000789e00000)
 Metaspace       used 57235K, capacity 58894K, committed 58968K, reserved 1099776K
  class space    used 7845K, capacity 8270K, committed 8320K, reserved 1048576K
Event: 9.681 GC heap after
Heap after GC invocations=9 (full 2):
 PSYoungGen      total 324096K, used 16205K [0x00000007aab00000, 0x00000007c0000000, 0x00000007c0000000)
  eden space 302592K, 0% used [0x00000007aab00000,0x00000007aab00000,0x00000007bd280000)
  from space 21504K, 75% used [0x00000007bd280000,0x00000007be2534d0,0x00000007be780000)
  to   space 22016K, 0% used [0x00000007bea80000,0x00000007bea80000,0x00000007c0000000)
 ParOldGen       total 161792K, used 29887K [0x0000000780000000, 0x0000000789e00000, 0x00000007aab00000)
  object space 161792K, 18% used [0x0000000780000000,0x0000000781d2ffd0,0x0000000789e00000)
 Metaspace       used 57235K, capacity 58894K, committed 58968K, reserved 1099776K
  class space    used 7845K, capacity 8270K, committed 8320K, reserved 1048576K
}
Event: 9.681 GC heap before
{Heap before GC invocations=10 (full 3):
 PSYoungGen      total 324096K, used 16205K [0x00000007aab00000, 0x00000007c0000000, 0x00000007c0000000)
  eden space 302592K, 0% used [0x00000007aab00000,0x00000007aab00000,0x00000007bd280000)
  from space 21504K, 75% used [0x00000007bd280000,0x00000007be2534d0,0x00000007be780000)
  to   space 22016K, 0% used [0x00000007bea80000,0x00000007bea80000,0x00000007c0000000)
 ParOldGen       total 161792K, used 29887K [0x0000000780000000, 0x0000000789e00000, 0x00000007aab00000)
  object space 161792K, 18% used [0x0000000780000000,0x0000000781d2ffd0,0x0000000789e00000)
 Metaspace       used 57235K, capacity 58894K, committed 58968K, reserved 1099776K
  class space    used 7845K, capacity 8270K, committed 8320K, reserved 1048576K

