# JRE version: OpenJDK Runtime Environment (8.0_152-b01) (build 1.8.0_152-release-1024-b01)
# Java VM: OpenJDK 64-Bit Server VM (25.152-b01 mixed mode bsd-amd64 compressed oops)
Heap:
 PSYoungGen      total 237568K, used 46260K [0x00000007aab00000, 0x00000007baf00000, 0x00000007c0000000)
  eden space 218112K, 12% used [0x00000007aab00000,0x00000007ac536fb8,0x00000007b8000000)
  from space 19456K, 99% used [0x00000007b8500000,0x00000007b97f6250,0x00000007b9800000)
  to   space 23552K, 0% used [0x00000007b9800000,0x00000007b9800000,0x00000007baf00000)
 ParOldGen       total 259072K, used 33654K [0x0000000780000000, 0x000000078fd00000, 0x00000007aab00000)
  object space 259072K, 12% used [0x0000000780000000,0x00000007820dd958,0x000000078fd00000)
 Metaspace       used 77298K, capacity 83262K, committed 83544K, reserved 1122304K
  class space    used 10483K, capacity 11528K, committed 11648K, reserved 1048576K
GC Heap History (10 events):
Event: 9.305 GC heap before
{Heap before GC invocations=10 (full 2):
 PSYoungGen      total 153600K, used 96304K [0x00000007aab00000, 0x00000007b8d80000, 0x00000007c0000000)
  eden space 138240K, 58% used [0x00000007aab00000,0x00000007afa107b8,0x00000007b3200000)
  from space 15360K, 99% used [0x00000007b3200000,0x00000007b40fbbd8,0x00000007b4100000)
  to   space 20480K, 0% used [0x00000007b7980000,0x00000007b7980000,0x00000007b8d80000)
 ParOldGen       total 178688K, used 26264K [0x0000000780000000, 0x000000078ae80000, 0x00000007aab00000)
  object space 178688K, 14% used [0x0000000780000000,0x00000007819a6340,0x000000078ae80000)
 Metaspace       used 57091K, capacity 58822K, committed 58968K, reserved 1099776K
  class space    used 7804K, capacity 8222K, committed 8320K, reserved 1048576K
Event: 9.321 GC heap after
Heap after GC invocations=10 (full 2):
 PSYoungGen      total 208896K, used 20135K [0x00000007aab00000, 0x00000007b9180000, 0x00000007c0000000)
  eden space 188416K, 0% used [0x00000007aab00000,0x00000007aab00000,0x00000007b6300000)
  from space 20480K, 98% used [0x00000007b7980000,0x00000007b8d29ca8,0x00000007b8d80000)
  to   space 23040K, 0% used [0x00000007b6300000,0x00000007b6300000,0x00000007b7980000)
 ParOldGen       total 178688K, used 26272K [0x0000000780000000, 0x000000078ae80000, 0x00000007aab00000)
  object space 178688K, 14% used [0x0000000780000000,0x00000007819a8340,0x000000078ae80000)
 Metaspace       used 57091K, capacity 58822K, committed 58968K, reserved 1099776K
  class space    used 7804K, capacity 8222K, committed 8320K, reserved 1048576K
}
Event: 9.321 GC heap before
{Heap before GC invocations=11 (full 3):
 PSYoungGen      total 208896K, used 20135K [0x00000007aab00000, 0x00000007b9180000, 0x00000007c0000000)
  eden space 188416K, 0% used [0x00000007aab00000,0x00000007aab00000,0x00000007b6300000)
  from space 20480K, 98% used [0x00000007b7980000,0x00000007b8d29ca8,0x00000007b8d80000)
  to   space 23040K, 0% used [0x00000007b6300000,0x00000007b6300000,0x00000007b7980000)
 ParOldGen       total 178688K, used 26272K [0x0000000780000000, 0x000000078ae80000, 0x00000007aab00000)
  object space 178688K, 14% used [0x0000000780000000,0x00000007819a8340,0x000000078ae80000)
 Metaspace       used 57091K, capacity 58822K, committed 58968K, reserved 1099776K
  class space    used 7804K, capacity 8222K, committed 8320K, reserved 1048576K
Event: 9.458 GC heap after
Heap after GC invocations=11 (full 3):
 PSYoungGen      total 208896K, used 0K [0x00000007aab00000, 0x00000007b9180000, 0x00000007c0000000)
  eden space 188416K, 0% used [0x00000007aab00000,0x00000007aab00000,0x00000007b6300000)
  from space 20480K, 0% used [0x00000007b7980000,0x00000007b7980000,0x00000007b8d80000)
  to   space 23040K, 0% used [0x00000007b6300000,0x00000007b6300000,0x00000007b7980000)
 ParOldGen       total 259072K, used 33622K [0x0000000780000000, 0x000000078fd00000, 0x00000007aab00000)
  object space 259072K, 12% used [0x0000000780000000,0x00000007820d5958,0x000000078fd00000)
 Metaspace       used 57081K, capacity 58786K, committed 58968K, reserved 1099776K
  class space    used 7800K, capacity 8216K, committed 8320K, reserved 1048576K
}
Event: 10.634 GC heap before
{Heap before GC invocations=12 (full 3):
 PSYoungGen      total 208896K, used 187755K [0x00000007aab00000, 0x00000007b9180000, 0x00000007c0000000)
  eden space 188416K, 99% used [0x00000007aab00000,0x00000007b625af20,0x00000007b6300000)
  from space 20480K, 0% used [0x00000007b7980000,0x00000007b7980000,0x00000007b8d80000)
  to   space 23040K, 0% used [0x00000007b6300000,0x00000007b6300000,0x00000007b7980000)
 ParOldGen       total 259072K, used 33622K [0x0000000780000000, 0x000000078fd00000, 0x00000007aab00000)
  object space 259072K, 12% used [0x0000000780000000,0x00000007820d5958,0x000000078fd00000)
 Metaspace       used 62187K, capacity 64118K, committed 64472K, reserved 1105920K
  class space    used 8365K, capacity 8840K, committed 8960K, reserved 1048576K
Event: 10.643 GC heap after
Heap after GC invocations=12 (full 3):
 PSYoungGen      total 211456K, used 11194K [0x00000007aab00000, 0x00000007bb180000, 0x00000007c0000000)
  eden space 188416K, 0% used [0x00000007aab00000,0x00000007aab00000,0x00000007b6300000)
  from space 23040K, 48% used [0x00000007b6300000,0x00000007b6dee890,0x00000007b7980000)
  to   space 22528K, 0% used [0x00000007b9b80000,0x00000007b9b80000,0x00000007bb180000)
 ParOldGen       total 259072K, used 33638K [0x0000000780000000, 0x000000078fd00000, 0x00000007aab00000)
  object space 259072K, 12% used [0x0000000780000000,0x00000007820d9958,0x000000078fd00000)
 Metaspace       used 62187K, capacity 64118K, committed 64472K, reserved 1105920K
  class space    used 8365K, capacity 8840K, committed 8960K, reserved 1048576K
}
Event: 11.734 GC heap before
{Heap before GC invocations=13 (full 3):
 PSYoungGen      total 211456K, used 199610K [0x00000007aab00000, 0x00000007bb180000, 0x00000007c0000000)
  eden space 188416K, 100% used [0x00000007aab00000,0x00000007b6300000,0x00000007b6300000)
  from space 23040K, 48% used [0x00000007b6300000,0x00000007b6dee890,0x00000007b7980000)
  to   space 22528K, 0% used [0x00000007b9b80000,0x00000007b9b80000,0x00000007bb180000)
 ParOldGen       total 259072K, used 33638K [0x0000000780000000, 0x000000078fd00000, 0x00000007aab00000)
  object space 259072K, 12% used [0x0000000780000000,0x00000007820d9958,0x000000078fd00000)
 Metaspace       used 68521K, capacity 71494K, committed 71640K, reserved 1112064K
  class space    used 9292K, capacity 9960K, committed 9984K, reserved 1048576K
Event: 11.745 GC heap after
Heap after GC invocations=13 (full 3):
 PSYoungGen      total 245760K, used 16468K [0x00000007aab00000, 0x00000007bb300000, 0x00000007c0000000)
  eden space 223232K, 0% used [0x00000007aab00000,0x00000007aab00000,0x00000007b8500000)
  from space 22528K, 73% used [0x00000007b9b80000,0x00000007bab95368,0x00000007bb180000)
  to   space 23040K, 0% used [0x00000007b8500000,0x00000007b8500000,0x00000007b9b80000)
 ParOldGen       total 259072K, used 33646K [0x0000000780000000, 0x000000078fd00000, 0x00000007aab00000)
  object space 259072K, 12% used [0x0000000780000000,0x00000007820db958,0x000000078fd00000)
 Metaspace       used 68521K, capacity 71494K, committed 71640K, reserved 1112064K
  class space    used 9292K, capacity 9960K, committed 9984K, reserved 1048576K
}
Event: 2164.983 GC heap before
{Heap before GC invocations=14 (full 3):
 PSYoungGen      total 245760K, used 239700K [0x00000007aab00000, 0x00000007bb300000, 0x00000007c0000000)
  eden space 223232K, 100% used [0x00000007aab00000,0x00000007b8500000,0x00000007b8500000)
  from space 22528K, 73% used [0x00000007b9b80000,0x00000007bab95368,0x00000007bb180000)
  to   space 23040K, 0% used [0x00000007b8500000,0x00000007b8500000,0x00000007b9b80000)
 ParOldGen       total 259072K, used 33646K [0x0000000780000000, 0x000000078fd00000, 0x00000007aab00000)
  object space 259072K, 12% used [0x0000000780000000,0x00000007820db958,0x000000078fd00000)
 Metaspace       used 77136K, capacity 82966K, committed 83160K, reserved 1120256K
  class space    used 10468K, capacity 11500K, committed 11520K, reserved 1048576K
Event: 2165.014 GC heap after
Heap after GC invocations=14 (full 3):
 PSYoungGen      total 237568K, used 19416K [0x00000007aab00000, 0x00000007baf00000, 0x00000007c0000000)
  eden space 218112K, 0% used [0x00000007aab00000,0x00000007aab00000,0x00000007b8000000)
  from space 19456K, 99% used [0x00000007b8500000,0x00000007b97f6250,0x00000007b9800000)
  to   space 23552K, 0% used [0x00000007b9800000,0x00000007b9800000,0x00000007baf00000)
 ParOldGen       total 259072K, used 33654K [0x0000000780000000, 0x000000078fd00000, 0x00000007aab00000)
  object space 259072K, 12% used [0x0000000780000000,0x00000007820dd958,0x000000078fd00000)
 Metaspace       used 77136K, capacity 82966K, committed 83160K, reserved 1120256K
  class space    used 10468K, capacity 11500K, committed 11520K, reserved 1048576K
}

