# JRE version: OpenJDK Runtime Environment (8.0_152-b01) (build 1.8.0_152-release-1024-b01)
# Java VM: OpenJDK 64-Bit Server VM (25.152-b01 mixed mode bsd-amd64 compressed oops)
Heap:
 PSYoungGen      total 290304K, used 66172K [0x00000007aab00000, 0x00000007bff00000, 0x00000007c0000000)
  eden space 267776K, 18% used [0x00000007aab00000,0x00000007adc2b360,0x00000007bb080000)
  from space 22528K, 70% used [0x00000007bb080000,0x00000007bbff4008,0x00000007bc680000)
  to   space 22528K, 0% used [0x00000007be900000,0x00000007be900000,0x00000007bff00000)
 ParOldGen       total 251904K, used 29505K [0x0000000780000000, 0x000000078f600000, 0x00000007aab00000)
  object space 251904K, 11% used [0x0000000780000000,0x0000000781cd07c0,0x000000078f600000)
 Metaspace       used 75526K, capacity 80012K, committed 80344K, reserved 1118208K
  class space    used 10083K, capacity 10929K, committed 11008K, reserved 1048576K
GC Heap History (10 events):
Event: 10.726 GC heap before
{Heap before GC invocations=12 (full 3):
 PSYoungGen      total 205312K, used 14094K [0x00000007aab00000, 0x00000007bb900000, 0x00000007c0000000)
  eden space 180736K, 0% used [0x00000007aab00000,0x00000007aab00000,0x00000007b5b80000)
  from space 24576K, 57% used [0x00000007b5b80000,0x00000007b69438b0,0x00000007b7380000)
  to   space 24064K, 0% used [0x00000007ba180000,0x00000007ba180000,0x00000007bb900000)
 ParOldGen       total 181248K, used 35513K [0x0000000780000000, 0x000000078b100000, 0x00000007aab00000)
  object space 181248K, 19% used [0x0000000780000000,0x00000007822ae7d8,0x000000078b100000)
 Metaspace       used 57264K, capacity 58962K, committed 59028K, reserved 1099776K
  class space    used 7745K, capacity 8144K, committed 8192K, reserved 1048576K
Event: 10.907 GC heap after
Heap after GC invocations=12 (full 3):
 PSYoungGen      total 205312K, used 0K [0x00000007aab00000, 0x00000007bb900000, 0x00000007c0000000)
  eden space 180736K, 0% used [0x00000007aab00000,0x00000007aab00000,0x00000007b5b80000)
  from space 24576K, 0% used [0x00000007b5b80000,0x00000007b5b80000,0x00000007b7380000)
  to   space 24064K, 0% used [0x00000007ba180000,0x00000007ba180000,0x00000007bb900000)
 ParOldGen       total 251904K, used 29465K [0x0000000780000000, 0x000000078f600000, 0x00000007aab00000)
  object space 251904K, 11% used [0x0000000780000000,0x0000000781cc67c0,0x000000078f600000)
 Metaspace       used 57244K, capacity 58890K, committed 59028K, reserved 1099776K
  class space    used 7738K, capacity 8132K, committed 8192K, reserved 1048576K
}
Event: 13.613 GC heap before
{Heap before GC invocations=13 (full 3):
 PSYoungGen      total 205312K, used 180736K [0x00000007aab00000, 0x00000007bb900000, 0x00000007c0000000)
  eden space 180736K, 100% used [0x00000007aab00000,0x00000007b5b80000,0x00000007b5b80000)
  from space 24576K, 0% used [0x00000007b5b80000,0x00000007b5b80000,0x00000007b7380000)
  to   space 24064K, 0% used [0x00000007ba180000,0x00000007ba180000,0x00000007bb900000)
 ParOldGen       total 251904K, used 29465K [0x0000000780000000, 0x000000078f600000, 0x00000007aab00000)
  object space 251904K, 11% used [0x0000000780000000,0x0000000781cc67c0,0x000000078f600000)
 Metaspace       used 68257K, capacity 71012K, committed 71256K, reserved 1110016K
  class space    used 9209K, capacity 9823K, committed 9856K, reserved 1048576K
Event: 13.627 GC heap after
Heap after GC invocations=13 (full 3):
 PSYoungGen      total 239104K, used 16999K [0x00000007aab00000, 0x00000007bb280000, 0x00000007c0000000)
  eden space 221696K, 0% used [0x00000007aab00000,0x00000007aab00000,0x00000007b8380000)
  from space 17408K, 97% used [0x00000007ba180000,0x00000007bb219e18,0x00000007bb280000)
  to   space 24064K, 0% used [0x00000007b8380000,0x00000007b8380000,0x00000007b9b00000)
 ParOldGen       total 251904K, used 29481K [0x0000000780000000, 0x000000078f600000, 0x00000007aab00000)
  object space 251904K, 11% used [0x0000000780000000,0x0000000781cca7c0,0x000000078f600000)
 Metaspace       used 68257K, capacity 71012K, committed 71256K, reserved 1110016K
  class space    used 9209K, capacity 9823K, committed 9856K, reserved 1048576K
}
Event: 15.346 GC heap before
{Heap before GC invocations=14 (full 3):
 PSYoungGen      total 239104K, used 238695K [0x00000007aab00000, 0x00000007bb280000, 0x00000007c0000000)
  eden space 221696K, 100% used [0x00000007aab00000,0x00000007b8380000,0x00000007b8380000)
  from space 17408K, 97% used [0x00000007ba180000,0x00000007bb219e18,0x00000007bb280000)
  to   space 24064K, 0% used [0x00000007b8380000,0x00000007b8380000,0x00000007b9b00000)
 ParOldGen       total 251904K, used 29481K [0x0000000780000000, 0x000000078f600000, 0x00000007aab00000)
  object space 251904K, 11% used [0x0000000780000000,0x0000000781cca7c0,0x000000078f600000)
 Metaspace       used 71635K, capacity 75648K, committed 75864K, reserved 1114112K
  class space    used 9721K, capacity 10499K, committed 10624K, reserved 1048576K
Event: 15.356 GC heap after
Heap after GC invocations=14 (full 3):
 PSYoungGen      total 245760K, used 11996K [0x00000007aab00000, 0x00000007bdd80000, 0x00000007c0000000)
  eden space 221696K, 0% used [0x00000007aab00000,0x00000007aab00000,0x00000007b8380000)
  from space 24064K, 49% used [0x00000007b8380000,0x00000007b8f370f0,0x00000007b9b00000)
  to   space 23552K, 0% used [0x00000007bc680000,0x00000007bc680000,0x00000007bdd80000)
 ParOldGen       total 251904K, used 29489K [0x0000000780000000, 0x000000078f600000, 0x00000007aab00000)
  object space 251904K, 11% used [0x0000000780000000,0x0000000781ccc7c0,0x000000078f600000)
 Metaspace       used 71635K, capacity 75648K, committed 75864K, reserved 1114112K
  class space    used 9721K, capacity 10499K, committed 10624K, reserved 1048576K
}
Event: 15.737 GC heap before
{Heap before GC invocations=15 (full 3):
 PSYoungGen      total 245760K, used 233132K [0x00000007aab00000, 0x00000007bdd80000, 0x00000007c0000000)
  eden space 221696K, 99% used [0x00000007aab00000,0x00000007b82f41a0,0x00000007b8380000)
  from space 24064K, 49% used [0x00000007b8380000,0x00000007b8f370f0,0x00000007b9b00000)
  to   space 23552K, 0% used [0x00000007bc680000,0x00000007bc680000,0x00000007bdd80000)
 ParOldGen       total 251904K, used 29489K [0x0000000780000000, 0x000000078f600000, 0x00000007aab00000)
  object space 251904K, 11% used [0x0000000780000000,0x0000000781ccc7c0,0x000000078f600000)
 Metaspace       used 72524K, capacity 76738K, committed 77016K, reserved 1116160K
  class space    used 9858K, capacity 10688K, committed 10752K, reserved 1048576K
Event: 15.749 GC heap after
Heap after GC invocations=15 (full 3):
 PSYoungGen      total 291328K, used 13659K [0x00000007aab00000, 0x00000007be500000, 0x00000007c0000000)
  eden space 267776K, 0% used [0x00000007aab00000,0x00000007aab00000,0x00000007bb080000)
  from space 23552K, 57% used [0x00000007bc680000,0x00000007bd3d6df8,0x00000007bdd80000)
  to   space 22528K, 0% used [0x00000007bb080000,0x00000007bb080000,0x00000007bc680000)
 ParOldGen       total 251904K, used 29497K [0x0000000780000000, 0x000000078f600000, 0x00000007aab00000)
  object space 251904K, 11% used [0x0000000780000000,0x0000000781cce7c0,0x000000078f600000)
 Metaspace       used 72524K, capacity 76738K, committed 77016K, reserved 1116160K
  class space    used 9858K, capacity 10688K, committed 10752K, reserved 1048576K
}
Event: 78.233 GC heap before
{Heap before GC invocations=16 (full 3):
 PSYoungGen      total 291328K, used 281435K [0x00000007aab00000, 0x00000007be500000, 0x00000007c0000000)
  eden space 267776K, 100% used [0x00000007aab00000,0x00000007bb080000,0x00000007bb080000)
  from space 23552K, 57% used [0x00000007bc680000,0x00000007bd3d6df8,0x00000007bdd80000)
  to   space 22528K, 0% used [0x00000007bb080000,0x00000007bb080000,0x00000007bc680000)
 ParOldGen       total 251904K, used 29497K [0x0000000780000000, 0x000000078f600000, 0x00000007aab00000)
  object space 251904K, 11% used [0x0000000780000000,0x0000000781cce7c0,0x000000078f600000)
 Metaspace       used 75343K, capacity 79790K, committed 80088K, reserved 1118208K
  class space    used 10081K, capacity 10924K, committed 11008K, reserved 1048576K
Event: 78.252 GC heap after
Heap after GC invocations=16 (full 3):
 PSYoungGen      total 290304K, used 15824K [0x00000007aab00000, 0x00000007bff00000, 0x00000007c0000000)
  eden space 267776K, 0% used [0x00000007aab00000,0x00000007aab00000,0x00000007bb080000)
  from space 22528K, 70% used [0x00000007bb080000,0x00000007bbff4008,0x00000007bc680000)
  to   space 22528K, 0% used [0x00000007be900000,0x00000007be900000,0x00000007bff00000)
 ParOldGen       total 251904K, used 29505K [0x0000000780000000, 0x000000078f600000, 0x00000007aab00000)
  object space 251904K, 11% used [0x0000000780000000,0x0000000781cd07c0,0x000000078f600000)
 Metaspace       used 75343K, capacity 79790K, committed 80088K, reserved 1118208K
  class space    used 10081K, capacity 10924K, committed 11008K, reserved 1048576K
}

