# JRE version: OpenJDK Runtime Environment (8.0_152-b01) (build 1.8.0_152-release-1024-b01)
# Java VM: OpenJDK 64-Bit Server VM (25.152-b01 mixed mode bsd-amd64 compressed oops)
Heap:
 PSYoungGen      total 206848K, used 37537K [0x00000007aab00000, 0x00000007bc000000, 0x00000007c0000000)
  eden space 196096K, 13% used [0x00000007aab00000,0x00000007ac52b980,0x00000007b6a80000)
  from space 10752K, 99% used [0x00000007bb580000,0x00000007bbffce28,0x00000007bc000000)
  to   space 10752K, 59% used [0x00000007bab00000,0x00000007bb148020,0x00000007bb580000)
 ParOldGen       total 105984K, used 10862K [0x0000000780000000, 0x0000000786780000, 0x00000007aab00000)
  object space 105984K, 10% used [0x0000000780000000,0x0000000780a9ba68,0x0000000786780000)
 Metaspace       used 34683K, capacity 35264K, committed 35416K, reserved 1079296K
  class space    used 4771K, capacity 4970K, committed 4992K, reserved 1048576K
GC Heap History (10 events):
Event: 1.132 GC heap after
Heap after GC invocations=1 (full 0):
 PSYoungGen      total 76288K, used 7764K [0x00000007aab00000, 0x00000007b4000000, 0x00000007c0000000)
  eden space 65536K, 0% used [0x00000007aab00000,0x00000007aab00000,0x00000007aeb00000)
  from space 10752K, 72% used [0x00000007aeb00000,0x00000007af295260,0x00000007af580000)
  to   space 10752K, 0% used [0x00000007b3580000,0x00000007b3580000,0x00000007b4000000)
 ParOldGen       total 175104K, used 16K [0x0000000780000000, 0x000000078ab00000, 0x00000007aab00000)
  object space 175104K, 0% used [0x0000000780000000,0x0000000780004000,0x000000078ab00000)
 Metaspace       used 10651K, capacity 10984K, committed 11136K, reserved 1058816K
  class space    used 1428K, capacity 1550K, committed 1664K, reserved 1048576K
}
Event: 2.184 GC heap before
{Heap before GC invocations=2 (full 0):
 PSYoungGen      total 76288K, used 73300K [0x00000007aab00000, 0x00000007b4000000, 0x00000007c0000000)
  eden space 65536K, 100% used [0x00000007aab00000,0x00000007aeb00000,0x00000007aeb00000)
  from space 10752K, 72% used [0x00000007aeb00000,0x00000007af295260,0x00000007af580000)
  to   space 10752K, 0% used [0x00000007b3580000,0x00000007b3580000,0x00000007b4000000)
 ParOldGen       total 175104K, used 16K [0x0000000780000000, 0x000000078ab00000, 0x00000007aab00000)
  object space 175104K, 0% used [0x0000000780000000,0x0000000780004000,0x000000078ab00000)
 Metaspace       used 16659K, capacity 17068K, committed 17408K, reserved 1064960K
  class space    used 2413K, capacity 2542K, committed 2560K, reserved 1048576K
Event: 2.195 GC heap after
Heap after GC invocations=2 (full 0):
 PSYoungGen      total 141824K, used 10340K [0x00000007aab00000, 0x00000007b4000000, 0x00000007c0000000)
  eden space 131072K, 0% used [0x00000007aab00000,0x00000007aab00000,0x00000007b2b00000)
  from space 10752K, 96% used [0x00000007b3580000,0x00000007b3f99260,0x00000007b4000000)
  to   space 10752K, 0% used [0x00000007b2b00000,0x00000007b2b00000,0x00000007b3580000)
 ParOldGen       total 175104K, used 24K [0x0000000780000000, 0x000000078ab00000, 0x00000007aab00000)
  object space 175104K, 0% used [0x0000000780000000,0x0000000780006000,0x000000078ab00000)
 Metaspace       used 16659K, capacity 17068K, committed 17408K, reserved 1064960K
  class space    used 2413K, capacity 2542K, committed 2560K, reserved 1048576K
}
Event: 2.671 GC heap before
{Heap before GC invocations=3 (full 0):
 PSYoungGen      total 141824K, used 33950K [0x00000007aab00000, 0x00000007b4000000, 0x00000007c0000000)
  eden space 131072K, 18% used [0x00000007aab00000,0x00000007ac20e968,0x00000007b2b00000)
  from space 10752K, 96% used [0x00000007b3580000,0x00000007b3f99260,0x00000007b4000000)
  to   space 10752K, 0% used [0x00000007b2b00000,0x00000007b2b00000,0x00000007b3580000)
 ParOldGen       total 175104K, used 24K [0x0000000780000000, 0x000000078ab00000, 0x00000007aab00000)
  object space 175104K, 0% used [0x0000000780000000,0x0000000780006000,0x000000078ab00000)
 Metaspace       used 20741K, capacity 21102K, committed 21248K, reserved 1067008K
  class space    used 2913K, capacity 3069K, committed 3072K, reserved 1048576K
Event: 2.686 GC heap after
Heap after GC invocations=3 (full 0):
 PSYoungGen      total 141824K, used 9104K [0x00000007aab00000, 0x00000007bc000000, 0x00000007c0000000)
  eden space 131072K, 0% used [0x00000007aab00000,0x00000007aab00000,0x00000007b2b00000)
  from space 10752K, 84% used [0x00000007b2b00000,0x00000007b33e42c0,0x00000007b3580000)
  to   space 10752K, 0% used [0x00000007bb580000,0x00000007bb580000,0x00000007bc000000)
 ParOldGen       total 175104K, used 32K [0x0000000780000000, 0x000000078ab00000, 0x00000007aab00000)
  object space 175104K, 0% used [0x0000000780000000,0x0000000780008000,0x000000078ab00000)
 Metaspace       used 20741K, capacity 21102K, committed 21248K, reserved 1067008K
  class space    used 2913K, capacity 3069K, committed 3072K, reserved 1048576K
}
Event: 2.686 GC heap before
{Heap before GC invocations=4 (full 1):
 PSYoungGen      total 141824K, used 9104K [0x00000007aab00000, 0x00000007bc000000, 0x00000007c0000000)
  eden space 131072K, 0% used [0x00000007aab00000,0x00000007aab00000,0x00000007b2b00000)
  from space 10752K, 84% used [0x00000007b2b00000,0x00000007b33e42c0,0x00000007b3580000)
  to   space 10752K, 0% used [0x00000007bb580000,0x00000007bb580000,0x00000007bc000000)
 ParOldGen       total 175104K, used 32K [0x0000000780000000, 0x000000078ab00000, 0x00000007aab00000)
  object space 175104K, 0% used [0x0000000780000000,0x0000000780008000,0x000000078ab00000)
 Metaspace       used 20741K, capacity 21102K, committed 21248K, reserved 1067008K
  class space    used 2913K, capacity 3069K, committed 3072K, reserved 1048576K
Event: 2.727 GC heap after
Heap after GC invocations=4 (full 1):
 PSYoungGen      total 141824K, used 0K [0x00000007aab00000, 0x00000007bc000000, 0x00000007c0000000)
  eden space 131072K, 0% used [0x00000007aab00000,0x00000007aab00000,0x00000007b2b00000)
  from space 10752K, 0% used [0x00000007b2b00000,0x00000007b2b00000,0x00000007b3580000)
  to   space 10752K, 0% used [0x00000007bb580000,0x00000007bb580000,0x00000007bc000000)
 ParOldGen       total 105984K, used 8728K [0x0000000780000000, 0x0000000786780000, 0x00000007aab00000)
  object space 105984K, 8% used [0x0000000780000000,0x00000007808863c8,0x0000000786780000)
 Metaspace       used 20741K, capacity 21102K, committed 21248K, reserved 1067008K
  class space    used 2913K, capacity 3069K, committed 3072K, reserved 1048576K
}
Event: 4.622 GC heap before
{Heap before GC invocations=5 (full 1):
 PSYoungGen      total 141824K, used 131072K [0x00000007aab00000, 0x00000007bc000000, 0x00000007c0000000)
  eden space 131072K, 100% used [0x00000007aab00000,0x00000007b2b00000,0x00000007b2b00000)
  from space 10752K, 0% used [0x00000007b2b00000,0x00000007b2b00000,0x00000007b3580000)
  to   space 10752K, 0% used [0x00000007bb580000,0x00000007bb580000,0x00000007bc000000)
 ParOldGen       total 105984K, used 8728K [0x0000000780000000, 0x0000000786780000, 0x00000007aab00000)
  object space 105984K, 8% used [0x0000000780000000,0x00000007808863c8,0x0000000786780000)
 Metaspace       used 29535K, capacity 30020K, committed 30208K, reserved 1075200K
  class space    used 4156K, capacity 4325K, committed 4352K, reserved 1048576K
Event: 4.639 GC heap after
Heap after GC invocations=5 (full 1):
 PSYoungGen      total 206848K, used 10739K [0x00000007aab00000, 0x00000007bc000000, 0x00000007c0000000)
  eden space 196096K, 0% used [0x00000007aab00000,0x00000007aab00000,0x00000007b6a80000)
  from space 10752K, 99% used [0x00000007bb580000,0x00000007bbffce28,0x00000007bc000000)
  to   space 10752K, 0% used [0x00000007bab00000,0x00000007bab00000,0x00000007bb580000)
 ParOldGen       total 105984K, used 10854K [0x0000000780000000, 0x0000000786780000, 0x00000007aab00000)
  object space 105984K, 10% used [0x0000000780000000,0x0000000780a99a68,0x0000000786780000)
 Metaspace       used 29535K, capacity 30020K, committed 30208K, reserved 1075200K
  class space    used 4156K, capacity 4325K, committed 4352K, reserved 1048576K
}
Event: 5.049 GC heap before
{Heap before GC invocations=6 (full 1):
 PSYoungGen      total 206848K, used 37537K [0x00000007aab00000, 0x00000007bc000000, 0x00000007c0000000)
  eden space 196096K, 13% used [0x00000007aab00000,0x00000007ac52b980,0x00000007b6a80000)
  from space 10752K, 99% used [0x00000007bb580000,0x00000007bbffce28,0x00000007bc000000)
  to   space 10752K, 0% used [0x00000007bab00000,0x00000007bab00000,0x00000007bb580000)
 ParOldGen       total 105984K, used 10854K [0x0000000780000000, 0x0000000786780000, 0x00000007aab00000)
  object space 105984K, 10% used [0x0000000780000000,0x0000000780a99a68,0x0000000786780000)
 Metaspace       used 34683K, capacity 35264K, committed 35416K, reserved 1079296K
  class space    used 4771K, capacity 4970K, committed 4992K, reserved 1048576K

