# JRE version: OpenJDK Runtime Environment (8.0_152-b01) (build 1.8.0_152-release-1024-b01)
# Java VM: OpenJDK 64-Bit Server VM (25.152-b01 mixed mode bsd-amd64 compressed oops)
Heap:
 PSYoungGen      total 138240K, used 70778K [0x00000007aab00000, 0x00000007b4900000, 0x00000007c0000000)
  eden space 127488K, 55% used [0x00000007aab00000,0x00000007af01e8f0,0x00000007b2780000)
  from space 10752K, 0% used [0x00000007b2780000,0x00000007b2780000,0x00000007b3200000)
  to   space 13312K, 0% used [0x00000007b3c00000,0x00000007b3c00000,0x00000007b4900000)
 ParOldGen       total 180736K, used 19235K [0x0000000780000000, 0x000000078b080000, 0x00000007aab00000)
  object space 180736K, 10% used [0x0000000780000000,0x00000007812c8c68,0x000000078b080000)
 Metaspace       used 38100K, capacity 38822K, committed 39256K, reserved 1083392K
  class space    used 5212K, capacity 5429K, committed 5504K, reserved 1048576K
GC Heap History (10 events):
Event: 1.978 GC heap before
{Heap before GC invocations=3 (full 0):
 PSYoungGen      total 76288K, used 33618K [0x00000007aab00000, 0x00000007b4000000, 0x00000007c0000000)
  eden space 65536K, 35% used [0x00000007aab00000,0x00000007ac1bf668,0x00000007aeb00000)
  from space 10752K, 96% used [0x00000007af580000,0x00000007aff95420,0x00000007b0000000)
  to   space 10752K, 0% used [0x00000007aeb00000,0x00000007aeb00000,0x00000007af580000)
 ParOldGen       total 175104K, used 24K [0x0000000780000000, 0x000000078ab00000, 0x00000007aab00000)
  object space 175104K, 0% used [0x0000000780000000,0x0000000780006000,0x000000078ab00000)
 Metaspace       used 20732K, capacity 21102K, committed 21248K, reserved 1067008K
  class space    used 2912K, capacity 3069K, committed 3072K, reserved 1048576K
Event: 1.986 GC heap after
Heap after GC invocations=3 (full 0):
 PSYoungGen      total 76288K, used 9174K [0x00000007aab00000, 0x00000007b4000000, 0x00000007c0000000)
  eden space 65536K, 0% used [0x00000007aab00000,0x00000007aab00000,0x00000007aeb00000)
  from space 10752K, 85% used [0x00000007aeb00000,0x00000007af3f5978,0x00000007af580000)
  to   space 10752K, 0% used [0x00000007b3580000,0x00000007b3580000,0x00000007b4000000)
 ParOldGen       total 175104K, used 32K [0x0000000780000000, 0x000000078ab00000, 0x00000007aab00000)
  object space 175104K, 0% used [0x0000000780000000,0x0000000780008000,0x000000078ab00000)
 Metaspace       used 20732K, capacity 21102K, committed 21248K, reserved 1067008K
  class space    used 2912K, capacity 3069K, committed 3072K, reserved 1048576K
}
Event: 1.986 GC heap before
{Heap before GC invocations=4 (full 1):
 PSYoungGen      total 76288K, used 9174K [0x00000007aab00000, 0x00000007b4000000, 0x00000007c0000000)
  eden space 65536K, 0% used [0x00000007aab00000,0x00000007aab00000,0x00000007aeb00000)
  from space 10752K, 85% used [0x00000007aeb00000,0x00000007af3f5978,0x00000007af580000)
  to   space 10752K, 0% used [0x00000007b3580000,0x00000007b3580000,0x00000007b4000000)
 ParOldGen       total 175104K, used 32K [0x0000000780000000, 0x000000078ab00000, 0x00000007aab00000)
  object space 175104K, 0% used [0x0000000780000000,0x0000000780008000,0x000000078ab00000)
 Metaspace       used 20732K, capacity 21102K, committed 21248K, reserved 1067008K
  class space    used 2912K, capacity 3069K, committed 3072K, reserved 1048576K
Event: 2.024 GC heap after
Heap after GC invocations=4 (full 1):
 PSYoungGen      total 76288K, used 0K [0x00000007aab00000, 0x00000007b4000000, 0x00000007c0000000)
  eden space 65536K, 0% used [0x00000007aab00000,0x00000007aab00000,0x00000007aeb00000)
  from space 10752K, 0% used [0x00000007aeb00000,0x00000007aeb00000,0x00000007af580000)
  to   space 10752K, 0% used [0x00000007b3580000,0x00000007b3580000,0x00000007b4000000)
 ParOldGen       total 110592K, used 8827K [0x0000000780000000, 0x0000000786c00000, 0x00000007aab00000)
  object space 110592K, 7% used [0x0000000780000000,0x000000078089ec60,0x0000000786c00000)
 Metaspace       used 20732K, capacity 21102K, committed 21248K, reserved 1067008K
  class space    used 2912K, capacity 3069K, committed 3072K, reserved 1048576K
}
Event: 2.736 GC heap before
{Heap before GC invocations=5 (full 1):
 PSYoungGen      total 76288K, used 65536K [0x00000007aab00000, 0x00000007b4000000, 0x00000007c0000000)
  eden space 65536K, 100% used [0x00000007aab00000,0x00000007aeb00000,0x00000007aeb00000)
  from space 10752K, 0% used [0x00000007aeb00000,0x00000007aeb00000,0x00000007af580000)
  to   space 10752K, 0% used [0x00000007b3580000,0x00000007b3580000,0x00000007b4000000)
 ParOldGen       total 110592K, used 8827K [0x0000000780000000, 0x0000000786c00000, 0x00000007aab00000)
  object space 110592K, 7% used [0x0000000780000000,0x000000078089ec60,0x0000000786c00000)
 Metaspace       used 26211K, capacity 26766K, committed 27136K, reserved 1073152K
  class space    used 3630K, capacity 3796K, committed 3840K, reserved 1048576K
Event: 2.746 GC heap after
Heap after GC invocations=5 (full 1):
 PSYoungGen      total 102400K, used 6810K [0x00000007aab00000, 0x00000007b3c80000, 0x00000007c0000000)
  eden space 95232K, 0% used [0x00000007aab00000,0x00000007aab00000,0x00000007b0800000)
  from space 7168K, 95% used [0x00000007b3580000,0x00000007b3c26a40,0x00000007b3c80000)
  to   space 10752K, 0% used [0x00000007b2780000,0x00000007b2780000,0x00000007b3200000)
 ParOldGen       total 110592K, used 8835K [0x0000000780000000, 0x0000000786c00000, 0x00000007aab00000)
  object space 110592K, 7% used [0x0000000780000000,0x00000007808a0c60,0x0000000786c00000)
 Metaspace       used 26211K, capacity 26766K, committed 27136K, reserved 1073152K
  class space    used 3630K, capacity 3796K, committed 3840K, reserved 1048576K
}
Event: 4.143 GC heap before
{Heap before GC invocations=6 (full 1):
 PSYoungGen      total 102400K, used 96274K [0x00000007aab00000, 0x00000007b3c80000, 0x00000007c0000000)
  eden space 95232K, 93% used [0x00000007aab00000,0x00000007b025ddf0,0x00000007b0800000)
  from space 7168K, 95% used [0x00000007b3580000,0x00000007b3c26a40,0x00000007b3c80000)
  to   space 10752K, 0% used [0x00000007b2780000,0x00000007b2780000,0x00000007b3200000)
 ParOldGen       total 110592K, used 8835K [0x0000000780000000, 0x0000000786c00000, 0x00000007aab00000)
  object space 110592K, 7% used [0x0000000780000000,0x00000007808a0c60,0x0000000786c00000)
 Metaspace       used 34649K, capacity 35200K, committed 35416K, reserved 1079296K
  class space    used 4772K, capacity 4970K, committed 4992K, reserved 1048576K
Event: 4.155 GC heap after
Heap after GC invocations=6 (full 1):
 PSYoungGen      total 138240K, used 10747K [0x00000007aab00000, 0x00000007b4900000, 0x00000007c0000000)
  eden space 127488K, 0% used [0x00000007aab00000,0x00000007aab00000,0x00000007b2780000)
  from space 10752K, 99% used [0x00000007b2780000,0x00000007b31fee90,0x00000007b3200000)
  to   space 13312K, 0% used [0x00000007b3c00000,0x00000007b3c00000,0x00000007b4900000)
 ParOldGen       total 110592K, used 10824K [0x0000000780000000, 0x0000000786c00000, 0x00000007aab00000)
  object space 110592K, 9% used [0x0000000780000000,0x0000000780a923b0,0x0000000786c00000)
 Metaspace       used 34649K, capacity 35200K, committed 35416K, reserved 1079296K
  class space    used 4772K, capacity 4970K, committed 4992K, reserved 1048576K
}
Event: 4.155 GC heap before
{Heap before GC invocations=7 (full 2):
 PSYoungGen      total 138240K, used 10747K [0x00000007aab00000, 0x00000007b4900000, 0x00000007c0000000)
  eden space 127488K, 0% used [0x00000007aab00000,0x00000007aab00000,0x00000007b2780000)
  from space 10752K, 99% used [0x00000007b2780000,0x00000007b31fee90,0x00000007b3200000)
  to   space 13312K, 0% used [0x00000007b3c00000,0x00000007b3c00000,0x00000007b4900000)
 ParOldGen       total 110592K, used 10824K [0x0000000780000000, 0x0000000786c00000, 0x00000007aab00000)
  object space 110592K, 9% used [0x0000000780000000,0x0000000780a923b0,0x0000000786c00000)
 Metaspace       used 34649K, capacity 35200K, committed 35416K, reserved 1079296K
  class space    used 4772K, capacity 4970K, committed 4992K, reserved 1048576K
Event: 4.193 GC heap after
Heap after GC invocations=7 (full 2):
 PSYoungGen      total 138240K, used 0K [0x00000007aab00000, 0x00000007b4900000, 0x00000007c0000000)
  eden space 127488K, 0% used [0x00000007aab00000,0x00000007aab00000,0x00000007b2780000)
  from space 10752K, 0% used [0x00000007b2780000,0x00000007b2780000,0x00000007b3200000)
  to   space 13312K, 0% used [0x00000007b3c00000,0x00000007b3c00000,0x00000007b4900000)
 ParOldGen       total 180736K, used 19235K [0x0000000780000000, 0x000000078b080000, 0x00000007aab00000)
  object space 180736K, 10% used [0x0000000780000000,0x00000007812c8c68,0x000000078b080000)
 Metaspace       used 34649K, capacity 35200K, committed 35416K, reserved 1079296K
  class space    used 4772K, capacity 4970K, committed 4992K, reserved 1048576K
}

