# JRE version: OpenJDK Runtime Environment (8.0_152-b01) (build 1.8.0_152-release-1024-b01)
# Java VM: OpenJDK 64-Bit Server VM (25.152-b01 mixed mode bsd-amd64 compressed oops)
Heap:
 PSYoungGen      total 192512K, used 164578K [0x00000007aab00000, 0x00000007b8a80000, 0x00000007c0000000)
  eden space 172032K, 95% used [0x00000007aab00000,0x00000007b4bee5a0,0x00000007b5300000)
  from space 20480K, 0% used [0x00000007b6b00000,0x00000007b6b00000,0x00000007b7f00000)
  to   space 24576K, 0% used [0x00000007b5300000,0x00000007b5300000,0x00000007b6b00000)
 ParOldGen       total 273920K, used 37435K [0x0000000780000000, 0x0000000790b80000, 0x00000007aab00000)
  object space 273920K, 13% used [0x0000000780000000,0x000000078248ecd0,0x0000000790b80000)
 Metaspace       used 67849K, capacity 71954K, committed 72152K, reserved 1112064K
  class space    used 9367K, capacity 10174K, committed 10240K, reserved 1048576K
GC Heap History (10 events):
Event: 4.245 GC heap before
{Heap before GC invocations=7 (full 2):
 PSYoungGen      total 137728K, used 10729K [0x00000007aab00000, 0x00000007b4700000, 0x00000007c0000000)
  eden space 126976K, 0% used [0x00000007aab00000,0x00000007aab00000,0x00000007b2700000)
  from space 10752K, 99% used [0x00000007b2700000,0x00000007b317a618,0x00000007b3180000)
  to   space 13824K, 0% used [0x00000007b3980000,0x00000007b3980000,0x00000007b4700000)
 ParOldGen       total 111616K, used 11052K [0x0000000780000000, 0x0000000786d00000, 0x00000007aab00000)
  object space 111616K, 9% used [0x0000000780000000,0x0000000780acb2f8,0x0000000786d00000)
 Metaspace       used 34792K, capacity 35266K, committed 35416K, reserved 1079296K
  class space    used 4783K, capacity 4983K, committed 4992K, reserved 1048576K
Event: 4.292 GC heap after
Heap after GC invocations=7 (full 2):
 PSYoungGen      total 137728K, used 0K [0x00000007aab00000, 0x00000007b4700000, 0x00000007c0000000)
  eden space 126976K, 0% used [0x00000007aab00000,0x00000007aab00000,0x00000007b2700000)
  from space 10752K, 0% used [0x00000007b2700000,0x00000007b2700000,0x00000007b3180000)
  to   space 13824K, 0% used [0x00000007b3980000,0x00000007b3980000,0x00000007b4700000)
 ParOldGen       total 185856K, used 19392K [0x0000000780000000, 0x000000078b580000, 0x00000007aab00000)
  object space 185856K, 10% used [0x0000000780000000,0x00000007812f0368,0x000000078b580000)
 Metaspace       used 34792K, capacity 35266K, committed 35416K, reserved 1079296K
  class space    used 4783K, capacity 4983K, committed 4992K, reserved 1048576K
}
Event: 5.577 GC heap before
{Heap before GC invocations=8 (full 2):
 PSYoungGen      total 137728K, used 126976K [0x00000007aab00000, 0x00000007b4700000, 0x00000007c0000000)
  eden space 126976K, 100% used [0x00000007aab00000,0x00000007b2700000,0x00000007b2700000)
  from space 10752K, 0% used [0x00000007b2700000,0x00000007b2700000,0x00000007b3180000)
  to   space 13824K, 0% used [0x00000007b3980000,0x00000007b3980000,0x00000007b4700000)
 ParOldGen       total 185856K, used 19392K [0x0000000780000000, 0x000000078b580000, 0x00000007aab00000)
  object space 185856K, 10% used [0x0000000780000000,0x00000007812f0368,0x000000078b580000)
 Metaspace       used 42390K, capacity 43148K, committed 43480K, reserved 1087488K
  class space    used 5866K, capacity 6087K, committed 6144K, reserved 1048576K
Event: 5.590 GC heap after
Heap after GC invocations=8 (full 2):
 PSYoungGen      total 144384K, used 13415K [0x00000007aab00000, 0x00000007b7300000, 0x00000007c0000000)
  eden space 130560K, 0% used [0x00000007aab00000,0x00000007aab00000,0x00000007b2a80000)
  from space 13824K, 97% used [0x00000007b3980000,0x00000007b4699d58,0x00000007b4700000)
  to   space 15360K, 0% used [0x00000007b2a80000,0x00000007b2a80000,0x00000007b3980000)
 ParOldGen       total 185856K, used 19400K [0x0000000780000000, 0x000000078b580000, 0x00000007aab00000)
  object space 185856K, 10% used [0x0000000780000000,0x00000007812f2368,0x000000078b580000)
 Metaspace       used 42390K, capacity 43148K, committed 43480K, reserved 1087488K
  class space    used 5866K, capacity 6087K, committed 6144K, reserved 1048576K
}
Event: 7.885 GC heap before
{Heap before GC invocations=9 (full 2):
 PSYoungGen      total 144384K, used 143975K [0x00000007aab00000, 0x00000007b7300000, 0x00000007c0000000)
  eden space 130560K, 100% used [0x00000007aab00000,0x00000007b2a80000,0x00000007b2a80000)
  from space 13824K, 97% used [0x00000007b3980000,0x00000007b4699d58,0x00000007b4700000)
  to   space 15360K, 0% used [0x00000007b2a80000,0x00000007b2a80000,0x00000007b3980000)
 ParOldGen       total 185856K, used 19400K [0x0000000780000000, 0x000000078b580000, 0x00000007aab00000)
  object space 185856K, 10% used [0x0000000780000000,0x00000007812f2368,0x000000078b580000)
 Metaspace       used 52842K, capacity 54262K, committed 54488K, reserved 1095680K
  class space    used 7244K, capacity 7586K, committed 7680K, reserved 1048576K
Event: 7.904 GC heap after
Heap after GC invocations=9 (full 2):
 PSYoungGen      total 145920K, used 15334K [0x00000007aab00000, 0x00000007b7f00000, 0x00000007c0000000)
  eden space 130560K, 0% used [0x00000007aab00000,0x00000007aab00000,0x00000007b2a80000)
  from space 15360K, 99% used [0x00000007b2a80000,0x00000007b3979be8,0x00000007b3980000)
  to   space 20480K, 0% used [0x00000007b6b00000,0x00000007b6b00000,0x00000007b7f00000)
 ParOldGen       total 185856K, used 25601K [0x0000000780000000, 0x000000078b580000, 0x00000007aab00000)
  object space 185856K, 13% used [0x0000000780000000,0x0000000781900738,0x000000078b580000)
 Metaspace       used 52842K, capacity 54262K, committed 54488K, reserved 1095680K
  class space    used 7244K, capacity 7586K, committed 7680K, reserved 1048576K
}
Event: 9.157 GC heap before
{Heap before GC invocations=10 (full 2):
 PSYoungGen      total 145920K, used 142220K [0x00000007aab00000, 0x00000007b7f00000, 0x00000007c0000000)
  eden space 130560K, 97% used [0x00000007aab00000,0x00000007b26e9638,0x00000007b2a80000)
  from space 15360K, 99% used [0x00000007b2a80000,0x00000007b3979be8,0x00000007b3980000)
  to   space 20480K, 0% used [0x00000007b6b00000,0x00000007b6b00000,0x00000007b7f00000)
 ParOldGen       total 185856K, used 25601K [0x0000000780000000, 0x000000078b580000, 0x00000007aab00000)
  object space 185856K, 13% used [0x0000000780000000,0x0000000781900738,0x000000078b580000)
 Metaspace       used 57333K, capacity 58808K, committed 58968K, reserved 1099776K
  class space    used 7809K, capacity 8205K, committed 8320K, reserved 1048576K
Event: 9.179 GC heap after
Heap after GC invocations=10 (full 2):
 PSYoungGen      total 192512K, used 20456K [0x00000007aab00000, 0x00000007b8a80000, 0x00000007c0000000)
  eden space 172032K, 0% used [0x00000007aab00000,0x00000007aab00000,0x00000007b5300000)
  from space 20480K, 99% used [0x00000007b6b00000,0x00000007b7efa298,0x00000007b7f00000)
  to   space 24576K, 0% used [0x00000007b5300000,0x00000007b5300000,0x00000007b6b00000)
 ParOldGen       total 185856K, used 29052K [0x0000000780000000, 0x000000078b580000, 0x00000007aab00000)
  object space 185856K, 15% used [0x0000000780000000,0x0000000781c5f250,0x000000078b580000)
 Metaspace       used 57333K, capacity 58808K, committed 58968K, reserved 1099776K
  class space    used 7809K, capacity 8205K, committed 8320K, reserved 1048576K
}
Event: 9.179 GC heap before
{Heap before GC invocations=11 (full 3):
 PSYoungGen      total 192512K, used 20456K [0x00000007aab00000, 0x00000007b8a80000, 0x00000007c0000000)
  eden space 172032K, 0% used [0x00000007aab00000,0x00000007aab00000,0x00000007b5300000)
  from space 20480K, 99% used [0x00000007b6b00000,0x00000007b7efa298,0x00000007b7f00000)
  to   space 24576K, 0% used [0x00000007b5300000,0x00000007b5300000,0x00000007b6b00000)
 ParOldGen       total 185856K, used 29052K [0x0000000780000000, 0x000000078b580000, 0x00000007aab00000)
  object space 185856K, 15% used [0x0000000780000000,0x0000000781c5f250,0x000000078b580000)
 Metaspace       used 57333K, capacity 58808K, committed 58968K, reserved 1099776K
  class space    used 7809K, capacity 8205K, committed 8320K, reserved 1048576K
Event: 9.347 GC heap after
Heap after GC invocations=11 (full 3):
 PSYoungGen      total 192512K, used 0K [0x00000007aab00000, 0x00000007b8a80000, 0x00000007c0000000)
  eden space 172032K, 0% used [0x00000007aab00000,0x00000007aab00000,0x00000007b5300000)
  from space 20480K, 0% used [0x00000007b6b00000,0x00000007b6b00000,0x00000007b7f00000)
  to   space 24576K, 0% used [0x00000007b5300000,0x00000007b5300000,0x00000007b6b00000)
 ParOldGen       total 273920K, used 37435K [0x0000000780000000, 0x0000000790b80000, 0x00000007aab00000)
  object space 273920K, 13% used [0x0000000780000000,0x000000078248ecd0,0x0000000790b80000)
 Metaspace       used 57333K, capacity 58808K, committed 58968K, reserved 1099776K
  class space    used 7809K, capacity 8205K, committed 8320K, reserved 1048576K
}

