# JRE version: OpenJDK Runtime Environment (8.0_152-b01) (build 1.8.0_152-release-1024-b01)
# Java VM: OpenJDK 64-Bit Server VM (25.152-b01 mixed mode bsd-amd64 compressed oops)
Heap:
 PSYoungGen      total 137728K, used 4046K [0x00000007aab00000, 0x00000007b5700000, 0x00000007c0000000)
  eden space 126976K, 3% used [0x00000007aab00000,0x00000007aaef3b60,0x00000007b2700000)
  from space 10752K, 0% used [0x00000007b2700000,0x00000007b2700000,0x00000007b3180000)
  to   space 13824K, 0% used [0x00000007b4980000,0x00000007b4980000,0x00000007b5700000)
 ParOldGen       total 172544K, used 19954K [0x0000000780000000, 0x000000078a880000, 0x00000007aab00000)
  object space 172544K, 11% used [0x0000000780000000,0x000000078137cab8,0x000000078a880000)
 Metaspace       used 35405K, capacity 35962K, committed 36312K, reserved 1081344K
  class space    used 4856K, capacity 5065K, committed 5120K, reserved 1048576K
GC Heap History (10 events):
Event: 2.224 GC heap before
{Heap before GC invocations=3 (full 0):
 PSYoungGen      total 76288K, used 32612K [0x00000007aab00000, 0x00000007b4000000, 0x00000007c0000000)
  eden space 65536K, 34% used [0x00000007aab00000,0x00000007ac0d2950,0x00000007aeb00000)
  from space 10752K, 95% used [0x00000007af580000,0x00000007aff86a88,0x00000007b0000000)
  to   space 10752K, 0% used [0x00000007aeb00000,0x00000007aeb00000,0x00000007af580000)
 ParOldGen       total 175104K, used 24K [0x0000000780000000, 0x000000078ab00000, 0x00000007aab00000)
  object space 175104K, 0% used [0x0000000780000000,0x0000000780006000,0x000000078ab00000)
 Metaspace       used 20803K, capacity 21096K, committed 21248K, reserved 1067008K
  class space    used 2912K, capacity 3016K, committed 3072K, reserved 1048576K
Event: 2.233 GC heap after
Heap after GC invocations=3 (full 0):
 PSYoungGen      total 76288K, used 9081K [0x00000007aab00000, 0x00000007b4000000, 0x00000007c0000000)
  eden space 65536K, 0% used [0x00000007aab00000,0x00000007aab00000,0x00000007aeb00000)
  from space 10752K, 84% used [0x00000007aeb00000,0x00000007af3de5e8,0x00000007af580000)
  to   space 10752K, 0% used [0x00000007b3580000,0x00000007b3580000,0x00000007b4000000)
 ParOldGen       total 175104K, used 32K [0x0000000780000000, 0x000000078ab00000, 0x00000007aab00000)
  object space 175104K, 0% used [0x0000000780000000,0x0000000780008000,0x000000078ab00000)
 Metaspace       used 20803K, capacity 21096K, committed 21248K, reserved 1067008K
  class space    used 2912K, capacity 3016K, committed 3072K, reserved 1048576K
}
Event: 2.233 GC heap before
{Heap before GC invocations=4 (full 1):
 PSYoungGen      total 76288K, used 9081K [0x00000007aab00000, 0x00000007b4000000, 0x00000007c0000000)
  eden space 65536K, 0% used [0x00000007aab00000,0x00000007aab00000,0x00000007aeb00000)
  from space 10752K, 84% used [0x00000007aeb00000,0x00000007af3de5e8,0x00000007af580000)
  to   space 10752K, 0% used [0x00000007b3580000,0x00000007b3580000,0x00000007b4000000)
 ParOldGen       total 175104K, used 32K [0x0000000780000000, 0x000000078ab00000, 0x00000007aab00000)
  object space 175104K, 0% used [0x0000000780000000,0x0000000780008000,0x000000078ab00000)
 Metaspace       used 20803K, capacity 21096K, committed 21248K, reserved 1067008K
  class space    used 2912K, capacity 3016K, committed 3072K, reserved 1048576K
Event: 2.270 GC heap after
Heap after GC invocations=4 (full 1):
 PSYoungGen      total 76288K, used 0K [0x00000007aab00000, 0x00000007b4000000, 0x00000007c0000000)
  eden space 65536K, 0% used [0x00000007aab00000,0x00000007aab00000,0x00000007aeb00000)
  from space 10752K, 0% used [0x00000007aeb00000,0x00000007aeb00000,0x00000007af580000)
  to   space 10752K, 0% used [0x00000007b3580000,0x00000007b3580000,0x00000007b4000000)
 ParOldGen       total 105472K, used 8811K [0x0000000780000000, 0x0000000786700000, 0x00000007aab00000)
  object space 105472K, 8% used [0x0000000780000000,0x000000078089ac10,0x0000000786700000)
 Metaspace       used 20803K, capacity 21096K, committed 21248K, reserved 1067008K
  class space    used 2912K, capacity 3016K, committed 3072K, reserved 1048576K
}
Event: 3.036 GC heap before
{Heap before GC invocations=5 (full 1):
 PSYoungGen      total 76288K, used 65536K [0x00000007aab00000, 0x00000007b4000000, 0x00000007c0000000)
  eden space 65536K, 100% used [0x00000007aab00000,0x00000007aeb00000,0x00000007aeb00000)
  from space 10752K, 0% used [0x00000007aeb00000,0x00000007aeb00000,0x00000007af580000)
  to   space 10752K, 0% used [0x00000007b3580000,0x00000007b3580000,0x00000007b4000000)
 ParOldGen       total 105472K, used 8811K [0x0000000780000000, 0x0000000786700000, 0x00000007aab00000)
  object space 105472K, 8% used [0x0000000780000000,0x000000078089ac10,0x0000000786700000)
 Metaspace       used 26047K, capacity 26472K, committed 26880K, reserved 1073152K
  class space    used 3607K, capacity 3775K, committed 3840K, reserved 1048576K
Event: 3.046 GC heap after
Heap after GC invocations=5 (full 1):
 PSYoungGen      total 105984K, used 6601K [0x00000007aab00000, 0x00000007b3c00000, 0x00000007c0000000)
  eden space 99328K, 0% used [0x00000007aab00000,0x00000007aab00000,0x00000007b0c00000)
  from space 6656K, 99% used [0x00000007b3580000,0x00000007b3bf2698,0x00000007b3c00000)
  to   space 10752K, 0% used [0x00000007b2700000,0x00000007b2700000,0x00000007b3180000)
 ParOldGen       total 105472K, used 8819K [0x0000000780000000, 0x0000000786700000, 0x00000007aab00000)
  object space 105472K, 8% used [0x0000000780000000,0x000000078089cc10,0x0000000786700000)
 Metaspace       used 26047K, capacity 26472K, committed 26880K, reserved 1073152K
  class space    used 3607K, capacity 3775K, committed 3840K, reserved 1048576K
}
Event: 4.333 GC heap before
{Heap before GC invocations=6 (full 1):
 PSYoungGen      total 105984K, used 102309K [0x00000007aab00000, 0x00000007b3c00000, 0x00000007c0000000)
  eden space 99328K, 96% used [0x00000007aab00000,0x00000007b0877050,0x00000007b0c00000)
  from space 6656K, 99% used [0x00000007b3580000,0x00000007b3bf2698,0x00000007b3c00000)
  to   space 10752K, 0% used [0x00000007b2700000,0x00000007b2700000,0x00000007b3180000)
 ParOldGen       total 105472K, used 8819K [0x0000000780000000, 0x0000000786700000, 0x00000007aab00000)
  object space 105472K, 8% used [0x0000000780000000,0x000000078089cc10,0x0000000786700000)
 Metaspace       used 34846K, capacity 35314K, committed 35416K, reserved 1079296K
  class space    used 4789K, capacity 4977K, committed 4992K, reserved 1048576K
Event: 4.348 GC heap after
Heap after GC invocations=6 (full 1):
 PSYoungGen      total 137728K, used 10750K [0x00000007aab00000, 0x00000007b5700000, 0x00000007c0000000)
  eden space 126976K, 0% used [0x00000007aab00000,0x00000007aab00000,0x00000007b2700000)
  from space 10752K, 99% used [0x00000007b2700000,0x00000007b317fbd0,0x00000007b3180000)
  to   space 13824K, 0% used [0x00000007b4980000,0x00000007b4980000,0x00000007b5700000)
 ParOldGen       total 105472K, used 11599K [0x0000000780000000, 0x0000000786700000, 0x00000007aab00000)
  object space 105472K, 10% used [0x0000000780000000,0x0000000780b53ee8,0x0000000786700000)
 Metaspace       used 34846K, capacity 35314K, committed 35416K, reserved 1079296K
  class space    used 4789K, capacity 4977K, committed 4992K, reserved 1048576K
}
Event: 4.348 GC heap before
{Heap before GC invocations=7 (full 2):
 PSYoungGen      total 137728K, used 10750K [0x00000007aab00000, 0x00000007b5700000, 0x00000007c0000000)
  eden space 126976K, 0% used [0x00000007aab00000,0x00000007aab00000,0x00000007b2700000)
  from space 10752K, 99% used [0x00000007b2700000,0x00000007b317fbd0,0x00000007b3180000)
  to   space 13824K, 0% used [0x00000007b4980000,0x00000007b4980000,0x00000007b5700000)
 ParOldGen       total 105472K, used 11599K [0x0000000780000000, 0x0000000786700000, 0x00000007aab00000)
  object space 105472K, 10% used [0x0000000780000000,0x0000000780b53ee8,0x0000000786700000)
 Metaspace       used 34846K, capacity 35314K, committed 35416K, reserved 1079296K
  class space    used 4789K, capacity 4977K, committed 4992K, reserved 1048576K
Event: 4.400 GC heap after
Heap after GC invocations=7 (full 2):
 PSYoungGen      total 137728K, used 0K [0x00000007aab00000, 0x00000007b5700000, 0x00000007c0000000)
  eden space 126976K, 0% used [0x00000007aab00000,0x00000007aab00000,0x00000007b2700000)
  from space 10752K, 0% used [0x00000007b2700000,0x00000007b2700000,0x00000007b3180000)
  to   space 13824K, 0% used [0x00000007b4980000,0x00000007b4980000,0x00000007b5700000)
 ParOldGen       total 172544K, used 19954K [0x0000000780000000, 0x000000078a880000, 0x00000007aab00000)
  object space 172544K, 11% used [0x0000000780000000,0x000000078137cab8,0x000000078a880000)
 Metaspace       used 34823K, capacity 35290K, committed 35416K, reserved 1079296K
  class space    used 4782K, capacity 4969K, committed 4992K, reserved 1048576K
}

