# JRE version: OpenJDK Runtime Environment (8.0_152-b01) (build 1.8.0_152-release-1024-b01)
# Java VM: OpenJDK 64-Bit Server VM (25.152-b01 mixed mode bsd-amd64 compressed oops)
Heap:
 PSYoungGen      total 76288K, used 8786K [0x00000007aab00000, 0x00000007b0000000, 0x00000007c0000000)
  eden space 65536K, 0% used [0x00000007aab00000,0x00000007aab00000,0x00000007aeb00000)
  from space 10752K, 81% used [0x00000007aeb00000,0x00000007af394a30,0x00000007af580000)
  to   space 10752K, 0% used [0x00000007af580000,0x00000007af580000,0x00000007b0000000)
 ParOldGen       total 175104K, used 32K [0x0000000780000000, 0x000000078ab00000, 0x00000007aab00000)
  object space 175104K, 0% used [0x0000000780000000,0x0000000780008000,0x000000078ab00000)
 Metaspace       used 20758K, capacity 21178K, committed 21248K, reserved 1067008K
  class space    used 2900K, capacity 3055K, committed 3072K, reserved 1048576K
GC Heap History (7 events):
Event: 0.889 GC heap before
{Heap before GC invocations=1 (full 0):
 PSYoungGen      total 76288K, used 65536K [0x00000007aab00000, 0x00000007b0000000, 0x00000007c0000000)
  eden space 65536K, 100% used [0x00000007aab00000,0x00000007aeb00000,0x00000007aeb00000)
  from space 10752K, 0% used [0x00000007af580000,0x00000007af580000,0x00000007b0000000)
  to   space 10752K, 0% used [0x00000007aeb00000,0x00000007aeb00000,0x00000007af580000)
 ParOldGen       total 175104K, used 0K [0x0000000780000000, 0x000000078ab00000, 0x00000007aab00000)
  object space 175104K, 0% used [0x0000000780000000,0x0000000780000000,0x000000078ab00000)
 Metaspace       used 10664K, capacity 10984K, committed 11136K, reserved 1058816K
  class space    used 1429K, capacity 1550K, committed 1664K, reserved 1048576K
Event: 0.897 GC heap after
Heap after GC invocations=1 (full 0):
 PSYoungGen      total 76288K, used 7815K [0x00000007aab00000, 0x00000007b0000000, 0x00000007c0000000)
  eden space 65536K, 0% used [0x00000007aab00000,0x00000007aab00000,0x00000007aeb00000)
  from space 10752K, 72% used [0x00000007aeb00000,0x00000007af2a1d70,0x00000007af580000)
  to   space 10752K, 0% used [0x00000007af580000,0x00000007af580000,0x00000007b0000000)
 ParOldGen       total 175104K, used 16K [0x0000000780000000, 0x000000078ab00000, 0x00000007aab00000)
  object space 175104K, 0% used [0x0000000780000000,0x0000000780004000,0x000000078ab00000)
 Metaspace       used 10664K, capacity 10984K, committed 11136K, reserved 1058816K
  class space    used 1429K, capacity 1550K, committed 1664K, reserved 1048576K
}
Event: 10.867 GC heap before
{Heap before GC invocations=2 (full 0):
 PSYoungGen      total 76288K, used 73351K [0x00000007aab00000, 0x00000007b0000000, 0x00000007c0000000)
  eden space 65536K, 100% used [0x00000007aab00000,0x00000007aeb00000,0x00000007aeb00000)
  from space 10752K, 72% used [0x00000007aeb00000,0x00000007af2a1d70,0x00000007af580000)
  to   space 10752K, 0% used [0x00000007af580000,0x00000007af580000,0x00000007b0000000)
 ParOldGen       total 175104K, used 16K [0x0000000780000000, 0x000000078ab00000, 0x00000007aab00000)
  object space 175104K, 0% used [0x0000000780000000,0x0000000780004000,0x000000078ab00000)
 Metaspace       used 16678K, capacity 17100K, committed 17408K, reserved 1064960K
  class space    used 2397K, capacity 2558K, committed 2560K, reserved 1048576K
Event: 10.879 GC heap after
Heap after GC invocations=2 (full 0):
 PSYoungGen      total 76288K, used 10146K [0x00000007aab00000, 0x00000007b0000000, 0x00000007c0000000)
  eden space 65536K, 0% used [0x00000007aab00000,0x00000007aab00000,0x00000007aeb00000)
  from space 10752K, 94% used [0x00000007af580000,0x00000007aff688f8,0x00000007b0000000)
  to   space 10752K, 0% used [0x00000007aeb00000,0x00000007aeb00000,0x00000007af580000)
 ParOldGen       total 175104K, used 24K [0x0000000780000000, 0x000000078ab00000, 0x00000007aab00000)
  object space 175104K, 0% used [0x0000000780000000,0x0000000780006000,0x000000078ab00000)
 Metaspace       used 16678K, capacity 17100K, committed 17408K, reserved 1064960K
  class space    used 2397K, capacity 2558K, committed 2560K, reserved 1048576K
}
Event: 44.948 GC heap before
{Heap before GC invocations=3 (full 0):
 PSYoungGen      total 76288K, used 36745K [0x00000007aab00000, 0x00000007b0000000, 0x00000007c0000000)
  eden space 65536K, 40% used [0x00000007aab00000,0x00000007ac4f9b40,0x00000007aeb00000)
  from space 10752K, 94% used [0x00000007af580000,0x00000007aff688f8,0x00000007b0000000)
  to   space 10752K, 0% used [0x00000007aeb00000,0x00000007aeb00000,0x00000007af580000)
 ParOldGen       total 175104K, used 24K [0x0000000780000000, 0x000000078ab00000, 0x00000007aab00000)
  object space 175104K, 0% used [0x0000000780000000,0x0000000780006000,0x000000078ab00000)
 Metaspace       used 20758K, capacity 21178K, committed 21248K, reserved 1067008K
  class space    used 2900K, capacity 3055K, committed 3072K, reserved 1048576K
Event: 44.955 GC heap after
Heap after GC invocations=3 (full 0):
 PSYoungGen      total 76288K, used 8786K [0x00000007aab00000, 0x00000007b0000000, 0x00000007c0000000)
  eden space 65536K, 0% used [0x00000007aab00000,0x00000007aab00000,0x00000007aeb00000)
  from space 10752K, 81% used [0x00000007aeb00000,0x00000007af394a30,0x00000007af580000)
  to   space 10752K, 0% used [0x00000007af580000,0x00000007af580000,0x00000007b0000000)
 ParOldGen       total 175104K, used 32K [0x0000000780000000, 0x000000078ab00000, 0x00000007aab00000)
  object space 175104K, 0% used [0x0000000780000000,0x0000000780008000,0x000000078ab00000)
 Metaspace       used 20758K, capacity 21178K, committed 21248K, reserved 1067008K
  class space    used 2900K, capacity 3055K, committed 3072K, reserved 1048576K
}
Event: 44.955 GC heap before
{Heap before GC invocations=4 (full 1):
 PSYoungGen      total 76288K, used 8786K [0x00000007aab00000, 0x00000007b0000000, 0x00000007c0000000)
  eden space 65536K, 0% used [0x00000007aab00000,0x00000007aab00000,0x00000007aeb00000)
  from space 10752K, 81% used [0x00000007aeb00000,0x00000007af394a30,0x00000007af580000)
  to   space 10752K, 0% used [0x00000007af580000,0x00000007af580000,0x00000007b0000000)
 ParOldGen       total 175104K, used 32K [0x0000000780000000, 0x000000078ab00000, 0x00000007aab00000)
  object space 175104K, 0% used [0x0000000780000000,0x0000000780008000,0x000000078ab00000)
 Metaspace       used 20758K, capacity 21178K, committed 21248K, reserved 1067008K
  class space    used 2900K, capacity 3055K, committed 3072K, reserved 1048576K

