# JRE version: OpenJDK Runtime Environment (8.0_152-b01) (build 1.8.0_152-release-1024-b01)
# Java VM: OpenJDK 64-Bit Server VM (25.152-b01 mixed mode bsd-amd64 compressed oops)
Heap:
 PSYoungGen      total 150016K, used 65029K [0x00000007aab00000, 0x00000007b8c00000, 0x00000007c0000000)
  eden space 136192K, 37% used [0x00000007aab00000,0x00000007add028b8,0x00000007b3000000)
  from space 13824K, 99% used [0x00000007b3000000,0x00000007b3d7ecf8,0x00000007b3d80000)
  to   space 16384K, 0% used [0x00000007b7c00000,0x00000007b7c00000,0x00000007b8c00000)
 ParOldGen       total 175616K, used 18444K [0x0000000780000000, 0x000000078ab80000, 0x00000007aab00000)
  object space 175616K, 10% used [0x0000000780000000,0x00000007812030a8,0x000000078ab80000)
 Metaspace       used 51166K, capacity 52530K, committed 52736K, reserved 1095680K
  class space    used 6925K, capacity 7349K, committed 7424K, reserved 1048576K
GC Heap History (10 events):
Event: 6.057 GC heap before
{Heap before GC invocations=5 (full 1):
 PSYoungGen      total 76288K, used 65536K [0x00000007aab00000, 0x00000007b4000000, 0x00000007c0000000)
  eden space 65536K, 100% used [0x00000007aab00000,0x00000007aeb00000,0x00000007aeb00000)
  from space 10752K, 0% used [0x00000007aeb00000,0x00000007aeb00000,0x00000007af580000)
  to   space 10752K, 0% used [0x00000007b3580000,0x00000007b3580000,0x00000007b4000000)
 ParOldGen       total 111104K, used 8442K [0x0000000780000000, 0x0000000786c80000, 0x00000007aab00000)
  object space 111104K, 7% used [0x0000000780000000,0x000000078083ebd0,0x0000000786c80000)
 Metaspace       used 26130K, capacity 26726K, committed 26880K, reserved 1073152K
  class space    used 3604K, capacity 3808K, committed 3840K, reserved 1048576K
Event: 6.074 GC heap after
Heap after GC invocations=5 (full 1):
 PSYoungGen      total 101888K, used 6690K [0x00000007aab00000, 0x00000007b3c80000, 0x00000007c0000000)
  eden space 94720K, 0% used [0x00000007aab00000,0x00000007aab00000,0x00000007b0780000)
  from space 7168K, 93% used [0x00000007b3580000,0x00000007b3c08898,0x00000007b3c80000)
  to   space 10752K, 0% used [0x00000007b2780000,0x00000007b2780000,0x00000007b3200000)
 ParOldGen       total 111104K, used 8450K [0x0000000780000000, 0x0000000786c80000, 0x00000007aab00000)
  object space 111104K, 7% used [0x0000000780000000,0x0000000780840bd0,0x0000000786c80000)
 Metaspace       used 26130K, capacity 26726K, committed 26880K, reserved 1073152K
  class space    used 3604K, capacity 3808K, committed 3840K, reserved 1048576K
}
Event: 9.021 GC heap before
{Heap before GC invocations=6 (full 1):
 PSYoungGen      total 101888K, used 101410K [0x00000007aab00000, 0x00000007b3c80000, 0x00000007c0000000)
  eden space 94720K, 100% used [0x00000007aab00000,0x00000007b0780000,0x00000007b0780000)
  from space 7168K, 93% used [0x00000007b3580000,0x00000007b3c08898,0x00000007b3c80000)
  to   space 10752K, 0% used [0x00000007b2780000,0x00000007b2780000,0x00000007b3200000)
 ParOldGen       total 111104K, used 8450K [0x0000000780000000, 0x0000000786c80000, 0x00000007aab00000)
  object space 111104K, 7% used [0x0000000780000000,0x0000000780840bd0,0x0000000786c80000)
 Metaspace       used 32336K, capacity 33010K, committed 33280K, reserved 1077248K
  class space    used 4529K, capacity 4746K, committed 4864K, reserved 1048576K
Event: 9.047 GC heap after
Heap after GC invocations=6 (full 1):
 PSYoungGen      total 138240K, used 10732K [0x00000007aab00000, 0x00000007b4b80000, 0x00000007c0000000)
  eden space 127488K, 0% used [0x00000007aab00000,0x00000007aab00000,0x00000007b2780000)
  from space 10752K, 99% used [0x00000007b2780000,0x00000007b31fb2f0,0x00000007b3200000)
  to   space 14336K, 0% used [0x00000007b3d80000,0x00000007b3d80000,0x00000007b4b80000)
 ParOldGen       total 111104K, used 11118K [0x0000000780000000, 0x0000000786c80000, 0x00000007aab00000)
  object space 111104K, 10% used [0x0000000780000000,0x0000000780adb810,0x0000000786c80000)
 Metaspace       used 32336K, capacity 33010K, committed 33280K, reserved 1077248K
  class space    used 4529K, capacity 4746K, committed 4864K, reserved 1048576K
}
Event: 9.711 GC heap before
{Heap before GC invocations=7 (full 1):
 PSYoungGen      total 138240K, used 27177K [0x00000007aab00000, 0x00000007b4b80000, 0x00000007c0000000)
  eden space 127488K, 12% used [0x00000007aab00000,0x00000007abb0f480,0x00000007b2780000)
  from space 10752K, 99% used [0x00000007b2780000,0x00000007b31fb2f0,0x00000007b3200000)
  to   space 14336K, 0% used [0x00000007b3d80000,0x00000007b3d80000,0x00000007b4b80000)
 ParOldGen       total 111104K, used 11118K [0x0000000780000000, 0x0000000786c80000, 0x00000007aab00000)
  object space 111104K, 10% used [0x0000000780000000,0x0000000780adb810,0x0000000786c80000)
 Metaspace       used 34562K, capacity 35286K, committed 35416K, reserved 1079296K
  class space    used 4786K, capacity 5041K, committed 5120K, reserved 1048576K
Event: 9.723 GC heap after
Heap after GC invocations=7 (full 1):
 PSYoungGen      total 150528K, used 10463K [0x00000007aab00000, 0x00000007b7e00000, 0x00000007c0000000)
  eden space 136192K, 0% used [0x00000007aab00000,0x00000007aab00000,0x00000007b3000000)
  from space 14336K, 72% used [0x00000007b3d80000,0x00000007b47b7e68,0x00000007b4b80000)
  to   space 13824K, 0% used [0x00000007b3000000,0x00000007b3000000,0x00000007b3d80000)
 ParOldGen       total 111104K, used 11126K [0x0000000780000000, 0x0000000786c80000, 0x00000007aab00000)
  object space 111104K, 10% used [0x0000000780000000,0x0000000780add810,0x0000000786c80000)
 Metaspace       used 34562K, capacity 35286K, committed 35416K, reserved 1079296K
  class space    used 4786K, capacity 5041K, committed 5120K, reserved 1048576K
}
Event: 9.723 GC heap before
{Heap before GC invocations=8 (full 2):
 PSYoungGen      total 150528K, used 10463K [0x00000007aab00000, 0x00000007b7e00000, 0x00000007c0000000)
  eden space 136192K, 0% used [0x00000007aab00000,0x00000007aab00000,0x00000007b3000000)
  from space 14336K, 72% used [0x00000007b3d80000,0x00000007b47b7e68,0x00000007b4b80000)
  to   space 13824K, 0% used [0x00000007b3000000,0x00000007b3000000,0x00000007b3d80000)
 ParOldGen       total 111104K, used 11126K [0x0000000780000000, 0x0000000786c80000, 0x00000007aab00000)
  object space 111104K, 10% used [0x0000000780000000,0x0000000780add810,0x0000000786c80000)
 Metaspace       used 34562K, capacity 35286K, committed 35416K, reserved 1079296K
  class space    used 4786K, capacity 5041K, committed 5120K, reserved 1048576K
Event: 9.793 GC heap after
Heap after GC invocations=8 (full 2):
 PSYoungGen      total 150528K, used 0K [0x00000007aab00000, 0x00000007b7e00000, 0x00000007c0000000)
  eden space 136192K, 0% used [0x00000007aab00000,0x00000007aab00000,0x00000007b3000000)
  from space 14336K, 0% used [0x00000007b3d80000,0x00000007b3d80000,0x00000007b4b80000)
  to   space 13824K, 0% used [0x00000007b3000000,0x00000007b3000000,0x00000007b3d80000)
 ParOldGen       total 175616K, used 16946K [0x0000000780000000, 0x000000078ab80000, 0x00000007aab00000)
  object space 175616K, 9% used [0x0000000780000000,0x000000078108cad0,0x000000078ab80000)
 Metaspace       used 34540K, capacity 35262K, committed 35416K, reserved 1079296K
  class space    used 4779K, capacity 5033K, committed 5120K, reserved 1048576K
}
Event: 12.721 GC heap before
{Heap before GC invocations=9 (full 2):
 PSYoungGen      total 150528K, used 136192K [0x00000007aab00000, 0x00000007b7e00000, 0x00000007c0000000)
  eden space 136192K, 100% used [0x00000007aab00000,0x00000007b3000000,0x00000007b3000000)
  from space 14336K, 0% used [0x00000007b3d80000,0x00000007b3d80000,0x00000007b4b80000)
  to   space 13824K, 0% used [0x00000007b3000000,0x00000007b3000000,0x00000007b3d80000)
 ParOldGen       total 175616K, used 16946K [0x0000000780000000, 0x000000078ab80000, 0x00000007aab00000)
  object space 175616K, 9% used [0x0000000780000000,0x000000078108cad0,0x000000078ab80000)
 Metaspace       used 45415K, capacity 46500K, committed 46720K, reserved 1089536K
  class space    used 6202K, capacity 6522K, committed 6528K, reserved 1048576K
Event: 12.742 GC heap after
Heap after GC invocations=9 (full 2):
 PSYoungGen      total 150016K, used 13819K [0x00000007aab00000, 0x00000007b8c00000, 0x00000007c0000000)
  eden space 136192K, 0% used [0x00000007aab00000,0x00000007aab00000,0x00000007b3000000)
  from space 13824K, 99% used [0x00000007b3000000,0x00000007b3d7ecf8,0x00000007b3d80000)
  to   space 16384K, 0% used [0x00000007b7c00000,0x00000007b7c00000,0x00000007b8c00000)
 ParOldGen       total 175616K, used 18444K [0x0000000780000000, 0x000000078ab80000, 0x00000007aab00000)
  object space 175616K, 10% used [0x0000000780000000,0x00000007812030a8,0x000000078ab80000)
 Metaspace       used 45415K, capacity 46500K, committed 46720K, reserved 1089536K
  class space    used 6202K, capacity 6522K, committed 6528K, reserved 1048576K
}

